{"C:\\Project\\TalentForge\\Backend\\src\\modules\\resume\\constants\\resume.constants.ts": {"path":"C:\\Project\\TalentForge\\Backend\\src\\modules\\resume\\constants\\resume.constants.ts","statementMap":{"0":{"start":{"line":1,"column":33},"end":{"line":7,"column":11}},"1":{"start":{"line":9,"column":47},"end":{"line":12,"column":11}},"2":{"start":{"line":16,"column":46},"end":{"line":21,"column":11}},"3":{"start":{"line":25,"column":29},"end":{"line":28,"column":11}}},"fnMap":{},"branchMap":{},"s":{"0":7,"1":7,"2":7,"3":7},"f":{},"b":{}}
,"C:\\Project\\TalentForge\\Backend\\src\\modules\\resume\\dto\\resume-parser.dto.ts": {"path":"C:\\Project\\TalentForge\\Backend\\src\\modules\\resume\\dto\\resume-parser.dto.ts","statementMap":{"0":{"start":{"line":33,"column":34},"end":{"line":42,"column":2}},"1":{"start":{"line":44,"column":38},"end":{"line":50,"column":2}},"2":{"start":{"line":52,"column":33},"end":{"line":55,"column":2}},"3":{"start":{"line":57,"column":38},"end":{"line":66,"column":2}},"4":{"start":{"line":68,"column":37},"end":{"line":78,"column":2}},"5":{"start":{"line":80,"column":35},"end":{"line":83,"column":2}},"6":{"start":{"line":85,"column":41},"end":{"line":87,"column":2}},"7":{"start":{"line":89,"column":35},"end":{"line":97,"column":2}}},"fnMap":{},"branchMap":{},"s":{"0":7,"1":7,"2":7,"3":7,"4":7,"5":7,"6":7,"7":7},"f":{},"b":{}}
,"C:\\Project\\TalentForge\\Backend\\src\\modules\\resume\\errors\\document-extraction.errors.ts": {"path":"C:\\Project\\TalentForge\\Backend\\src\\modules\\resume\\errors\\document-extraction.errors.ts","statementMap":{"0":{"start":{"line":3,"column":8},"end":{"line":3,"column":105}},"1":{"start":{"line":4,"column":8},"end":{"line":4,"column":47}},"2":{"start":{"line":10,"column":8},"end":{"line":10,"column":123}},"3":{"start":{"line":9,"column":49},"end":{"line":9,"column":64}},"4":{"start":{"line":11,"column":8},"end":{"line":11,"column":46}},"5":{"start":{"line":17,"column":8},"end":{"line":17,"column":63}},"6":{"start":{"line":18,"column":8},"end":{"line":18,"column":45}},"7":{"start":{"line":24,"column":8},"end":{"line":24,"column":102}},"8":{"start":{"line":25,"column":8},"end":{"line":25,"column":46}}},"fnMap":{"0":{"name":"(anonymous_0)","decl":{"start":{"line":2,"column":4},"end":{"line":2,"column":16}},"loc":{"start":{"line":2,"column":32},"end":{"line":5,"column":5}}},"1":{"name":"(anonymous_1)","decl":{"start":{"line":9,"column":4},"end":{"line":9,"column":16}},"loc":{"start":{"line":9,"column":64},"end":{"line":12,"column":5}}},"2":{"name":"(anonymous_2)","decl":{"start":{"line":16,"column":4},"end":{"line":16,"column":16}},"loc":{"start":{"line":16,"column":41},"end":{"line":19,"column":5}}},"3":{"name":"(anonymous_3)","decl":{"start":{"line":23,"column":4},"end":{"line":23,"column":null}},"loc":{"start":{"line":23,"column":4},"end":{"line":26,"column":5}}}},"branchMap":{"0":{"loc":{"start":{"line":10,"column":14},"end":{"line":10,"column":121}},"type":"cond-expr","locations":[{"start":{"line":10,"column":61},"end":{"line":10,"column":68}},{"start":{"line":10,"column":71},"end":{"line":10,"column":121}}]},"1":{"loc":{"start":{"line":16,"column":16},"end":{"line":16,"column":41}},"type":"default-arg","locations":[{"start":{"line":16,"column":31},"end":{"line":16,"column":41}}]}},"s":{"0":4,"1":4,"2":5,"3":5,"4":5,"5":1,"6":1,"7":2,"8":2},"f":{"0":4,"1":5,"2":1,"3":2},"b":{"0":[2,3],"1":[0]}}
,"C:\\Project\\TalentForge\\Backend\\src\\modules\\resume\\pipelines\\resume-processing.pipeline.ts": {"path":"C:\\Project\\TalentForge\\Backend\\src\\modules\\resume\\pipelines\\resume-processing.pipeline.ts","statementMap":{"0":{"start":{"line":22,"column":25},"end":{"line":22,"column":78}},"1":{"start":{"line":23,"column":25},"end":{"line":23,"column":68}},"2":{"start":{"line":24,"column":25},"end":{"line":24,"column":82}},"3":{"start":{"line":25,"column":25},"end":{"line":25,"column":78}},"4":{"start":{"line":26,"column":25},"end":{"line":26,"column":73}},"5":{"start":{"line":45,"column":67},"end":{"line":45,"column":74}},"6":{"start":{"line":46,"column":26},"end":{"line":46,"column":43}},"7":{"start":{"line":47,"column":42},"end":{"line":47,"column":74}},"8":{"start":{"line":49,"column":35},"end":{"line":49,"column":80}},"9":{"start":{"line":52,"column":8},"end":{"line":52,"column":73}},"10":{"start":{"line":53,"column":31},"end":{"line":53,"column":68}},"11":{"start":{"line":58,"column":8},"end":{"line":125,"column":9}},"12":{"start":{"line":60,"column":12},"end":{"line":67,"column":14}},"13":{"start":{"line":69,"column":37},"end":{"line":71,"column":null}},"14":{"start":{"line":74,"column":12},"end":{"line":74,"column":97}},"15":{"start":{"line":75,"column":12},"end":{"line":75,"column":95}},"16":{"start":{"line":78,"column":12},"end":{"line":85,"column":14}},"17":{"start":{"line":86,"column":12},"end":{"line":124,"column":13}},"18":{"start":{"line":87,"column":16},"end":{"line":90,"column":18}},"19":{"start":{"line":93,"column":16},"end":{"line":98,"column":17}},"20":{"start":{"line":97,"column":20},"end":{"line":97,"column":32}},"21":{"start":{"line":100,"column":39},"end":{"line":100,"column":112}},"22":{"start":{"line":102,"column":16},"end":{"line":109,"column":18}},"23":{"start":{"line":112,"column":16},"end":{"line":116,"column":18}},"24":{"start":{"line":117,"column":41},"end":{"line":119,"column":null}},"25":{"start":{"line":122,"column":16},"end":{"line":122,"column":103}},"26":{"start":{"line":123,"column":16},"end":{"line":123,"column":99}},"27":{"start":{"line":128,"column":8},"end":{"line":132,"column":10}},"28":{"start":{"line":133,"column":31},"end":{"line":133,"column":100}},"29":{"start":{"line":136,"column":8},"end":{"line":140,"column":10}},"30":{"start":{"line":141,"column":34},"end":{"line":143,"column":null}},"31":{"start":{"line":146,"column":27},"end":{"line":146,"column":68}},"32":{"start":{"line":148,"column":8},"end":{"line":153,"column":10}},"33":{"start":{"line":161,"column":8},"end":{"line":172,"column":10}},"34":{"start":{"line":174,"column":8},"end":{"line":184,"column":9}},"35":{"start":{"line":175,"column":12},"end":{"line":183,"column":13}},"36":{"start":{"line":176,"column":16},"end":{"line":176,"column":49}},"37":{"start":{"line":179,"column":16},"end":{"line":182,"column":18}}},"fnMap":{"0":{"name":"(anonymous_0)","decl":{"start":{"line":21,"column":4},"end":{"line":21,"column":null}},"loc":{"start":{"line":26,"column":95},"end":{"line":27,"column":8}}},"1":{"name":"(anonymous_1)","decl":{"start":{"line":40,"column":11},"end":{"line":40,"column":16}},"loc":{"start":{"line":43,"column":42},"end":{"line":154,"column":5}}},"2":{"name":"(anonymous_2)","decl":{"start":{"line":156,"column":12},"end":{"line":156,"column":17}},"loc":{"start":{"line":159,"column":42},"end":{"line":185,"column":5}}}},"branchMap":{"0":{"loc":{"start":{"line":22,"column":25},"end":{"line":22,"column":108}},"type":"default-arg","locations":[{"start":{"line":22,"column":78},"end":{"line":22,"column":108}}]},"1":{"loc":{"start":{"line":23,"column":25},"end":{"line":23,"column":93}},"type":"default-arg","locations":[{"start":{"line":23,"column":68},"end":{"line":23,"column":93}}]},"2":{"loc":{"start":{"line":24,"column":25},"end":{"line":24,"column":114}},"type":"default-arg","locations":[{"start":{"line":24,"column":82},"end":{"line":24,"column":114}}]},"3":{"loc":{"start":{"line":25,"column":25},"end":{"line":25,"column":108}},"type":"default-arg","locations":[{"start":{"line":25,"column":78},"end":{"line":25,"column":108}}]},"4":{"loc":{"start":{"line":26,"column":25},"end":{"line":26,"column":95}},"type":"default-arg","locations":[{"start":{"line":26,"column":73},"end":{"line":26,"column":95}}]},"5":{"loc":{"start":{"line":49,"column":35},"end":{"line":49,"column":80}},"type":"cond-expr","locations":[{"start":{"line":49,"column":46},"end":{"line":49,"column":75}},{"start":{"line":49,"column":78},"end":{"line":49,"column":80}}]},"6":{"loc":{"start":{"line":58,"column":8},"end":{"line":125,"column":9}},"type":"if","locations":[{"start":{"line":58,"column":8},"end":{"line":125,"column":9}},{"start":{"line":76,"column":15},"end":{"line":125,"column":9}}]},"7":{"loc":{"start":{"line":93,"column":16},"end":{"line":98,"column":17}},"type":"if","locations":[{"start":{"line":93,"column":16},"end":{"line":98,"column":17}},{"start":{},"end":{}}]},"8":{"loc":{"start":{"line":94,"column":20},"end":{"line":95,"column":67}},"type":"binary-expr","locations":[{"start":{"line":94,"column":20},"end":{"line":94,"column":52}},{"start":{"line":95,"column":20},"end":{"line":95,"column":67}}]},"9":{"loc":{"start":{"line":95,"column":45},"end":{"line":95,"column":66}},"type":"binary-expr","locations":[{"start":{"line":95,"column":45},"end":{"line":95,"column":61}},{"start":{"line":95,"column":65},"end":{"line":95,"column":66}}]},"10":{"loc":{"start":{"line":100,"column":39},"end":{"line":100,"column":112}},"type":"cond-expr","locations":[{"start":{"line":100,"column":64},"end":{"line":100,"column":77}},{"start":{"line":100,"column":80},"end":{"line":100,"column":112}}]},"11":{"loc":{"start":{"line":171,"column":98},"end":{"line":171,"column":138}},"type":"cond-expr","locations":[{"start":{"line":171,"column":110},"end":{"line":171,"column":133}},{"start":{"line":171,"column":136},"end":{"line":171,"column":138}}]},"12":{"loc":{"start":{"line":174,"column":8},"end":{"line":184,"column":9}},"type":"if","locations":[{"start":{"line":174,"column":8},"end":{"line":184,"column":9}},{"start":{},"end":{}}]}},"s":{"0":15,"1":15,"2":15,"3":15,"4":15,"5":15,"6":15,"7":15,"8":15,"9":15,"10":15,"11":14,"12":2,"13":2,"14":2,"15":2,"16":12,"17":12,"18":12,"19":6,"20":2,"21":4,"22":4,"23":4,"24":4,"25":3,"26":3,"27":10,"28":10,"29":9,"30":9,"31":7,"32":7,"33":57,"34":57,"35":47,"36":47,"37":0},"f":{"0":15,"1":15,"2":57},"b":{"0":[0],"1":[0],"2":[0],"3":[0],"4":[0],"5":[15,0],"6":[2,12],"7":[2,4],"8":[6,2],"9":[2,0],"10":[4,0],"11":[23,34],"12":[47,10]}}
,"C:\\Project\\TalentForge\\Backend\\src\\modules\\resume\\queues\\resume-processing.queue.ts": {"path":"C:\\Project\\TalentForge\\Backend\\src\\modules\\resume\\queues\\resume-processing.queue.ts","statementMap":{"0":{"start":{"line":16,"column":55},"end":{"line":30,"column":2}},"1":{"start":{"line":32,"column":75},"end":{"line":32,"column":79}},"2":{"start":{"line":37,"column":4},"end":{"line":45,"column":5}},"3":{"start":{"line":38,"column":8},"end":{"line":40,"column":11}},"4":{"start":{"line":42,"column":8},"end":{"line":44,"column":11}},"5":{"start":{"line":43,"column":12},"end":{"line":43,"column":91}},"6":{"start":{"line":47,"column":4},"end":{"line":47,"column":41}},"7":{"start":{"line":57,"column":18},"end":{"line":57,"column":44}},"8":{"start":{"line":58,"column":18},"end":{"line":58,"column":54}},"9":{"start":{"line":60,"column":4},"end":{"line":70,"column":6}},"10":{"start":{"line":72,"column":16},"end":{"line":75,"column":6}},"11":{"start":{"line":77,"column":4},"end":{"line":77,"column":15}},"12":{"start":{"line":82,"column":4},"end":{"line":87,"column":5}},"13":{"start":{"line":83,"column":8},"end":{"line":83,"column":75}},"14":{"start":{"line":84,"column":8},"end":{"line":84,"column":52}},"15":{"start":{"line":85,"column":8},"end":{"line":85,"column":45}},"16":{"start":{"line":86,"column":8},"end":{"line":86,"column":72}}},"fnMap":{"0":{"name":"getResumeProcessingQueue","decl":{"start":{"line":36,"column":16},"end":{"line":36,"column":40}},"loc":{"start":{"line":36,"column":40},"end":{"line":48,"column":1}}},"1":{"name":"(anonymous_1)","decl":{"start":{"line":42,"column":50},"end":{"line":42,"column":51}},"loc":{"start":{"line":42,"column":60},"end":{"line":44,"column":9}}},"2":{"name":"addResumeProcessingJob","decl":{"start":{"line":56,"column":22},"end":{"line":56,"column":44}},"loc":{"start":{"line":56,"column":74},"end":{"line":78,"column":1}}},"3":{"name":"closeResumeProcessingQueue","decl":{"start":{"line":81,"column":22},"end":{"line":81,"column":48}},"loc":{"start":{"line":81,"column":48},"end":{"line":88,"column":1}}}},"branchMap":{"0":{"loc":{"start":{"line":37,"column":4},"end":{"line":45,"column":5}},"type":"if","locations":[{"start":{"line":37,"column":4},"end":{"line":45,"column":5}},{"start":{},"end":{}}]},"1":{"loc":{"start":{"line":82,"column":4},"end":{"line":87,"column":5}},"type":"if","locations":[{"start":{"line":82,"column":4},"end":{"line":87,"column":5}},{"start":{},"end":{}}]}},"s":{"0":2,"1":2,"2":6,"3":2,"4":2,"5":0,"6":6,"7":2,"8":2,"9":2,"10":2,"11":2,"12":0,"13":0,"14":0,"15":0,"16":0},"f":{"0":6,"1":0,"2":2,"3":0},"b":{"0":[2,4],"1":[0,0]}}
,"C:\\Project\\TalentForge\\Backend\\src\\modules\\resume\\queues\\resume-processing.types.ts": {"path":"C:\\Project\\TalentForge\\Backend\\src\\modules\\resume\\queues\\resume-processing.types.ts","statementMap":{"0":{"start":{"line":1,"column":44},"end":{"line":1,"column":63}}},"fnMap":{},"branchMap":{},"s":{"0":5},"f":{},"b":{}}
,"C:\\Project\\TalentForge\\Backend\\src\\modules\\resume\\queues\\resume-processing.worker.ts": {"path":"C:\\Project\\TalentForge\\Backend\\src\\modules\\resume\\queues\\resume-processing.worker.ts","statementMap":{"0":{"start":{"line":27,"column":88},"end":{"line":27,"column":92}},"1":{"start":{"line":33,"column":66},"end":{"line":33,"column":121}},"2":{"start":{"line":35,"column":8},"end":{"line":35,"column":33}},"3":{"start":{"line":36,"column":8},"end":{"line":36,"column":53}},"4":{"start":{"line":41,"column":8},"end":{"line":43,"column":9}},"5":{"start":{"line":42,"column":12},"end":{"line":42,"column":31}},"6":{"start":{"line":45,"column":28},"end":{"line":45,"column":61}},"7":{"start":{"line":47,"column":8},"end":{"line":50,"column":10}},"8":{"start":{"line":52,"column":8},"end":{"line":61,"column":10}},"9":{"start":{"line":55,"column":16},"end":{"line":55,"column":44}},"10":{"start":{"line":63,"column":8},"end":{"line":63,"column":36}},"11":{"start":{"line":65,"column":8},"end":{"line":65,"column":87}},"12":{"start":{"line":66,"column":8},"end":{"line":66,"column":27}},"13":{"start":{"line":74,"column":42},"end":{"line":74,"column":50}},"14":{"start":{"line":75,"column":22},"end":{"line":75,"column":49}},"15":{"start":{"line":76,"column":26},"end":{"line":76,"column":43}},"16":{"start":{"line":78,"column":8},"end":{"line":87,"column":10}},"17":{"start":{"line":89,"column":8},"end":{"line":232,"column":9}},"18":{"start":{"line":91,"column":35},"end":{"line":97,"column":14}},"19":{"start":{"line":99,"column":12},"end":{"line":101,"column":13}},"20":{"start":{"line":100,"column":16},"end":{"line":100,"column":99}},"21":{"start":{"line":103,"column":12},"end":{"line":119,"column":13}},"22":{"start":{"line":104,"column":16},"end":{"line":107,"column":18}},"23":{"start":{"line":108,"column":16},"end":{"line":118,"column":18}},"24":{"start":{"line":122,"column":12},"end":{"line":125,"column":15}},"25":{"start":{"line":129,"column":16},"end":{"line":129,"column":85}},"26":{"start":{"line":132,"column":12},"end":{"line":136,"column":15}},"27":{"start":{"line":139,"column":12},"end":{"line":143,"column":15}},"28":{"start":{"line":145,"column":54},"end":{"line":155,"column":14}},"29":{"start":{"line":157,"column":12},"end":{"line":172,"column":14}},"30":{"start":{"line":174,"column":12},"end":{"line":174,"column":26}},"31":{"start":{"line":176,"column":31},"end":{"line":176,"column":72}},"32":{"start":{"line":177,"column":32},"end":{"line":177,"column":60}},"33":{"start":{"line":178,"column":33},"end":{"line":178,"column":107}},"34":{"start":{"line":180,"column":12},"end":{"line":193,"column":14}},"35":{"start":{"line":196,"column":35},"end":{"line":196,"column":111}},"36":{"start":{"line":197,"column":12},"end":{"line":223,"column":13}},"37":{"start":{"line":198,"column":44},"end":{"line":198,"column":49}},"38":{"start":{"line":199,"column":16},"end":{"line":216,"column":17}},"39":{"start":{"line":200,"column":20},"end":{"line":203,"column":23}},"40":{"start":{"line":204,"column":20},"end":{"line":204,"column":49}},"41":{"start":{"line":206,"column":20},"end":{"line":215,"column":22}},"42":{"start":{"line":219,"column":16},"end":{"line":222,"column":18}},"43":{"start":{"line":225,"column":12},"end":{"line":228,"column":13}},"44":{"start":{"line":227,"column":16},"end":{"line":227,"column":59}},"45":{"start":{"line":231,"column":12},"end":{"line":231,"column":24}},"46":{"start":{"line":239,"column":8},"end":{"line":239,"column":61}},"47":{"start":{"line":239,"column":49},"end":{"line":239,"column":61}},"48":{"start":{"line":240,"column":8},"end":{"line":240,"column":67}},"49":{"start":{"line":240,"column":55},"end":{"line":240,"column":67}},"50":{"start":{"line":241,"column":8},"end":{"line":241,"column":65}},"51":{"start":{"line":241,"column":53},"end":{"line":241,"column":65}},"52":{"start":{"line":242,"column":8},"end":{"line":242,"column":66}},"53":{"start":{"line":242,"column":54},"end":{"line":242,"column":66}},"54":{"start":{"line":243,"column":8},"end":{"line":243,"column":58}},"55":{"start":{"line":243,"column":46},"end":{"line":243,"column":58}},"56":{"start":{"line":244,"column":8},"end":{"line":244,"column":56}},"57":{"start":{"line":244,"column":44},"end":{"line":244,"column":56}},"58":{"start":{"line":246,"column":8},"end":{"line":251,"column":9}},"59":{"start":{"line":247,"column":35},"end":{"line":247,"column":55}},"60":{"start":{"line":248,"column":12},"end":{"line":250,"column":13}},"61":{"start":{"line":249,"column":16},"end":{"line":249,"column":28}},"62":{"start":{"line":253,"column":8},"end":{"line":265,"column":9}},"63":{"start":{"line":254,"column":24},"end":{"line":254,"column":51}},"64":{"start":{"line":255,"column":12},"end":{"line":264,"column":13}},"65":{"start":{"line":263,"column":16},"end":{"line":263,"column":28}},"66":{"start":{"line":267,"column":8},"end":{"line":267,"column":21}},"67":{"start":{"line":279,"column":8},"end":{"line":293,"column":9}},"68":{"start":{"line":280,"column":12},"end":{"line":286,"column":15}},"69":{"start":{"line":288,"column":12},"end":{"line":291,"column":14}},"70":{"start":{"line":292,"column":12},"end":{"line":292,"column":24}},"71":{"start":{"line":300,"column":8},"end":{"line":300,"column":33}},"72":{"start":{"line":300,"column":26},"end":{"line":300,"column":33}},"73":{"start":{"line":302,"column":8},"end":{"line":311,"column":11}},"74":{"start":{"line":303,"column":12},"end":{"line":310,"column":14}},"75":{"start":{"line":313,"column":8},"end":{"line":323,"column":11}},"76":{"start":{"line":314,"column":12},"end":{"line":322,"column":14}},"77":{"start":{"line":325,"column":8},"end":{"line":327,"column":11}},"78":{"start":{"line":326,"column":12},"end":{"line":326,"column":91}},"79":{"start":{"line":329,"column":8},"end":{"line":331,"column":11}},"80":{"start":{"line":330,"column":12},"end":{"line":330,"column":110}},"81":{"start":{"line":338,"column":8},"end":{"line":343,"column":9}},"82":{"start":{"line":339,"column":12},"end":{"line":339,"column":70}},"83":{"start":{"line":340,"column":12},"end":{"line":340,"column":38}},"84":{"start":{"line":341,"column":12},"end":{"line":341,"column":31}},"85":{"start":{"line":342,"column":12},"end":{"line":342,"column":78}},"86":{"start":{"line":347,"column":58},"end":{"line":347,"column":62}},"87":{"start":{"line":350,"column":4},"end":{"line":352,"column":5}},"88":{"start":{"line":351,"column":8},"end":{"line":351,"column":60}},"89":{"start":{"line":353,"column":4},"end":{"line":353,"column":32}}},"fnMap":{"0":{"name":"(anonymous_0)","decl":{"start":{"line":31,"column":4},"end":{"line":31,"column":null}},"loc":{"start":{"line":33,"column":121},"end":{"line":37,"column":5}}},"1":{"name":"(anonymous_1)","decl":{"start":{"line":33,"column":49},"end":{"line":33,"column":50}},"loc":{"start":{"line":33,"column":66},"end":{"line":33,"column":121}}},"2":{"name":"(anonymous_2)","decl":{"start":{"line":40,"column":11},"end":{"line":40,"column":16}},"loc":{"start":{"line":40,"column":16},"end":{"line":67,"column":5}}},"3":{"name":"(anonymous_3)","decl":{"start":{"line":54,"column":12},"end":{"line":54,"column":17}},"loc":{"start":{"line":54,"column":83},"end":{"line":56,"column":13}}},"4":{"name":"(anonymous_4)","decl":{"start":{"line":71,"column":11},"end":{"line":71,"column":16}},"loc":{"start":{"line":72,"column":68},"end":{"line":233,"column":5}}},"5":{"name":"(anonymous_5)","decl":{"start":{"line":238,"column":11},"end":{"line":238,"column":27}},"loc":{"start":{"line":238,"column":42},"end":{"line":268,"column":5}}},"6":{"name":"(anonymous_6)","decl":{"start":{"line":274,"column":12},"end":{"line":274,"column":17}},"loc":{"start":{"line":277,"column":62},"end":{"line":294,"column":5}}},"7":{"name":"(anonymous_7)","decl":{"start":{"line":299,"column":12},"end":{"line":299,"column":32}},"loc":{"start":{"line":299,"column":32},"end":{"line":332,"column":5}}},"8":{"name":"(anonymous_8)","decl":{"start":{"line":302,"column":36},"end":{"line":302,"column":37}},"loc":{"start":{"line":302,"column":49},"end":{"line":311,"column":9}}},"9":{"name":"(anonymous_9)","decl":{"start":{"line":313,"column":33},"end":{"line":313,"column":34}},"loc":{"start":{"line":313,"column":72},"end":{"line":323,"column":9}}},"10":{"name":"(anonymous_10)","decl":{"start":{"line":325,"column":32},"end":{"line":325,"column":33}},"loc":{"start":{"line":325,"column":49},"end":{"line":327,"column":9}}},"11":{"name":"(anonymous_11)","decl":{"start":{"line":329,"column":34},"end":{"line":329,"column":35}},"loc":{"start":{"line":329,"column":52},"end":{"line":331,"column":9}}},"12":{"name":"(anonymous_12)","decl":{"start":{"line":337,"column":11},"end":{"line":337,"column":16}},"loc":{"start":{"line":337,"column":22},"end":{"line":344,"column":5}}},"13":{"name":"getResumeProcessingWorker","decl":{"start":{"line":349,"column":16},"end":{"line":349,"column":41}},"loc":{"start":{"line":349,"column":41},"end":{"line":354,"column":1}}}},"branchMap":{"0":{"loc":{"start":{"line":32,"column":8},"end":{"line":32,"column":75}},"type":"default-arg","locations":[{"start":{"line":32,"column":45},"end":{"line":32,"column":75}}]},"1":{"loc":{"start":{"line":33,"column":8},"end":{"line":33,"column":121}},"type":"default-arg","locations":[{"start":{"line":33,"column":49},"end":{"line":33,"column":121}}]},"2":{"loc":{"start":{"line":41,"column":8},"end":{"line":43,"column":9}},"type":"if","locations":[{"start":{"line":41,"column":8},"end":{"line":43,"column":9}},{"start":{},"end":{}}]},"3":{"loc":{"start":{"line":75,"column":22},"end":{"line":75,"column":49}},"type":"binary-expr","locations":[{"start":{"line":75,"column":22},"end":{"line":75,"column":28}},{"start":{"line":75,"column":32},"end":{"line":75,"column":49}}]},"4":{"loc":{"start":{"line":99,"column":12},"end":{"line":101,"column":13}},"type":"if","locations":[{"start":{"line":99,"column":12},"end":{"line":101,"column":13}},{"start":{},"end":{}}]},"5":{"loc":{"start":{"line":103,"column":12},"end":{"line":119,"column":13}},"type":"if","locations":[{"start":{"line":103,"column":12},"end":{"line":119,"column":13}},{"start":{},"end":{}}]},"6":{"loc":{"start":{"line":178,"column":33},"end":{"line":178,"column":107}},"type":"cond-expr","locations":[{"start":{"line":178,"column":58},"end":{"line":178,"column":71}},{"start":{"line":178,"column":74},"end":{"line":178,"column":107}}]},"7":{"loc":{"start":{"line":189,"column":33},"end":{"line":189,"column":81}},"type":"binary-expr","locations":[{"start":{"line":189,"column":33},"end":{"line":189,"column":50}},{"start":{"line":189,"column":54},"end":{"line":189,"column":81}}]},"8":{"loc":{"start":{"line":196,"column":62},"end":{"line":196,"column":110}},"type":"binary-expr","locations":[{"start":{"line":196,"column":62},"end":{"line":196,"column":79}},{"start":{"line":196,"column":83},"end":{"line":196,"column":110}}]},"9":{"loc":{"start":{"line":197,"column":12},"end":{"line":223,"column":13}},"type":"if","locations":[{"start":{"line":197,"column":12},"end":{"line":223,"column":13}},{"start":{},"end":{}}]},"10":{"loc":{"start":{"line":197,"column":16},"end":{"line":197,"column":45}},"type":"binary-expr","locations":[{"start":{"line":197,"column":16},"end":{"line":197,"column":27}},{"start":{"line":197,"column":31},"end":{"line":197,"column":45}}]},"11":{"loc":{"start":{"line":225,"column":12},"end":{"line":228,"column":13}},"type":"if","locations":[{"start":{"line":225,"column":12},"end":{"line":228,"column":13}},{"start":{},"end":{}}]},"12":{"loc":{"start":{"line":239,"column":8},"end":{"line":239,"column":61}},"type":"if","locations":[{"start":{"line":239,"column":8},"end":{"line":239,"column":61}},{"start":{},"end":{}}]},"13":{"loc":{"start":{"line":240,"column":8},"end":{"line":240,"column":67}},"type":"if","locations":[{"start":{"line":240,"column":8},"end":{"line":240,"column":67}},{"start":{},"end":{}}]},"14":{"loc":{"start":{"line":241,"column":8},"end":{"line":241,"column":65}},"type":"if","locations":[{"start":{"line":241,"column":8},"end":{"line":241,"column":65}},{"start":{},"end":{}}]},"15":{"loc":{"start":{"line":242,"column":8},"end":{"line":242,"column":66}},"type":"if","locations":[{"start":{"line":242,"column":8},"end":{"line":242,"column":66}},{"start":{},"end":{}}]},"16":{"loc":{"start":{"line":243,"column":8},"end":{"line":243,"column":58}},"type":"if","locations":[{"start":{"line":243,"column":8},"end":{"line":243,"column":58}},{"start":{},"end":{}}]},"17":{"loc":{"start":{"line":244,"column":8},"end":{"line":244,"column":56}},"type":"if","locations":[{"start":{"line":244,"column":8},"end":{"line":244,"column":56}},{"start":{},"end":{}}]},"18":{"loc":{"start":{"line":246,"column":8},"end":{"line":251,"column":9}},"type":"if","locations":[{"start":{"line":246,"column":8},"end":{"line":251,"column":9}},{"start":{},"end":{}}]},"19":{"loc":{"start":{"line":248,"column":12},"end":{"line":250,"column":13}},"type":"if","locations":[{"start":{"line":248,"column":12},"end":{"line":250,"column":13}},{"start":{},"end":{}}]},"20":{"loc":{"start":{"line":248,"column":16},"end":{"line":248,"column":77}},"type":"binary-expr","locations":[{"start":{"line":248,"column":16},"end":{"line":248,"column":32}},{"start":{"line":248,"column":36},"end":{"line":248,"column":77}}]},"21":{"loc":{"start":{"line":253,"column":8},"end":{"line":265,"column":9}},"type":"if","locations":[{"start":{"line":253,"column":8},"end":{"line":265,"column":9}},{"start":{},"end":{}}]},"22":{"loc":{"start":{"line":255,"column":12},"end":{"line":264,"column":13}},"type":"if","locations":[{"start":{"line":255,"column":12},"end":{"line":264,"column":13}},{"start":{},"end":{}}]},"23":{"loc":{"start":{"line":256,"column":16},"end":{"line":261,"column":51}},"type":"binary-expr","locations":[{"start":{"line":256,"column":16},"end":{"line":256,"column":53}},{"start":{"line":257,"column":16},"end":{"line":257,"column":63}},{"start":{"line":258,"column":16},"end":{"line":258,"column":59}},{"start":{"line":259,"column":16},"end":{"line":259,"column":43}},{"start":{"line":260,"column":16},"end":{"line":260,"column":49}},{"start":{"line":261,"column":16},"end":{"line":261,"column":51}}]},"24":{"loc":{"start":{"line":277,"column":8},"end":{"line":277,"column":62}},"type":"default-arg","locations":[{"start":{"line":277,"column":60},"end":{"line":277,"column":62}}]},"25":{"loc":{"start":{"line":300,"column":8},"end":{"line":300,"column":33}},"type":"if","locations":[{"start":{"line":300,"column":8},"end":{"line":300,"column":33}},{"start":{},"end":{}}]},"26":{"loc":{"start":{"line":338,"column":8},"end":{"line":343,"column":9}},"type":"if","locations":[{"start":{"line":338,"column":8},"end":{"line":343,"column":9}},{"start":{},"end":{}}]},"27":{"loc":{"start":{"line":350,"column":4},"end":{"line":352,"column":5}},"type":"if","locations":[{"start":{"line":350,"column":4},"end":{"line":352,"column":5}},{"start":{},"end":{}}]}},"s":{"0":18,"1":32,"2":18,"3":18,"4":0,"5":0,"6":0,"7":0,"8":0,"9":0,"10":0,"11":0,"12":0,"13":18,"14":18,"15":18,"16":18,"17":18,"18":18,"19":18,"20":0,"21":18,"22":2,"23":2,"24":16,"25":15,"26":6,"27":5,"28":5,"29":5,"30":5,"31":11,"32":11,"33":11,"34":11,"35":11,"36":11,"37":6,"38":6,"39":6,"40":6,"41":0,"42":6,"43":11,"44":5,"45":6,"46":11,"47":0,"48":11,"49":2,"50":9,"51":0,"52":9,"53":1,"54":8,"55":0,"56":8,"57":0,"58":8,"59":2,"60":2,"61":2,"62":6,"63":6,"64":6,"65":0,"66":6,"67":28,"68":28,"69":2,"70":2,"71":0,"72":0,"73":0,"74":0,"75":0,"76":0,"77":0,"78":0,"79":0,"80":0,"81":0,"82":0,"83":0,"84":0,"85":0,"86":3,"87":0,"88":0,"89":0},"f":{"0":18,"1":32,"2":0,"3":0,"4":18,"5":11,"6":28,"7":0,"8":0,"9":0,"10":0,"11":0,"12":0,"13":0},"b":{"0":[0],"1":[18],"2":[0,0],"3":[18,0],"4":[0,18],"5":[2,16],"6":[11,0],"7":[11,0],"8":[11,0],"9":[6,5],"10":[11,6],"11":[5,6],"12":[0,11],"13":[2,9],"14":[0,9],"15":[1,8],"16":[0,8],"17":[0,8],"18":[2,6],"19":[2,0],"20":[2,2],"21":[6,0],"22":[0,6],"23":[6,6,6,6,6,6],"24":[0],"25":[0,0],"26":[0,0],"27":[0,0]}}
,"C:\\Project\\TalentForge\\Backend\\src\\modules\\resume\\queues\\resume-queue.manager.ts": {"path":"C:\\Project\\TalentForge\\Backend\\src\\modules\\resume\\queues\\resume-queue.manager.ts","statementMap":{"0":{"start":{"line":13,"column":4},"end":{"line":13,"column":80}},"1":{"start":{"line":15,"column":4},"end":{"line":15,"column":31}},"2":{"start":{"line":16,"column":19},"end":{"line":16,"column":46}},"3":{"start":{"line":17,"column":4},"end":{"line":17,"column":19}},"4":{"start":{"line":19,"column":4},"end":{"line":19,"column":18}},"5":{"start":{"line":24,"column":4},"end":{"line":24,"column":85}},"6":{"start":{"line":25,"column":4},"end":{"line":30,"column":5}},"7":{"start":{"line":26,"column":23},"end":{"line":26,"column":50}},"8":{"start":{"line":27,"column":8},"end":{"line":27,"column":29}},"9":{"start":{"line":29,"column":8},"end":{"line":29,"column":88}},"10":{"start":{"line":32,"column":4},"end":{"line":36,"column":5}},"11":{"start":{"line":33,"column":8},"end":{"line":33,"column":43}},"12":{"start":{"line":35,"column":8},"end":{"line":35,"column":87}},"13":{"start":{"line":38,"column":4},"end":{"line":38,"column":87}}},"fnMap":{"0":{"name":"initResumeProcessingWorker","decl":{"start":{"line":12,"column":16},"end":{"line":12,"column":42}},"loc":{"start":{"line":12,"column":42},"end":{"line":20,"column":1}}},"1":{"name":"shutdownResumeProcessing","decl":{"start":{"line":23,"column":22},"end":{"line":23,"column":46}},"loc":{"start":{"line":23,"column":46},"end":{"line":39,"column":1}}}},"branchMap":{},"s":{"0":0,"1":0,"2":0,"3":0,"4":0,"5":0,"6":0,"7":0,"8":0,"9":0,"10":0,"11":0,"12":0,"13":0},"f":{"0":0,"1":0},"b":{}}
,"C:\\Project\\TalentForge\\Backend\\src\\modules\\resume\\repositories\\resume-persistence.repository.ts": {"path":"C:\\Project\\TalentForge\\Backend\\src\\modules\\resume\\repositories\\resume-persistence.repository.ts","statementMap":{"0":{"start":{"line":12,"column":18},"end":{"line":16,"column":1}},"1":{"start":{"line":13,"column":4},"end":{"line":13,"column":28}},"2":{"start":{"line":13,"column":16},"end":{"line":13,"column":28}},"3":{"start":{"line":14,"column":17},"end":{"line":14,"column":32}},"4":{"start":{"line":15,"column":4},"end":{"line":15,"column":54}},"5":{"start":{"line":18,"column":20},"end":{"line":19,"column":74}},"6":{"start":{"line":19,"column":4},"end":{"line":19,"column":74}},"7":{"start":{"line":19,"column":24},"end":{"line":19,"column":63}},"8":{"start":{"line":23,"column":8},"end":{"line":23,"column":99}},"9":{"start":{"line":23,"column":49},"end":{"line":23,"column":97}},"10":{"start":{"line":31,"column":26},"end":{"line":34,"column":10}},"11":{"start":{"line":36,"column":61},"end":{"line":36,"column":63}},"12":{"start":{"line":37,"column":43},"end":{"line":37,"column":47}},"13":{"start":{"line":38,"column":8},"end":{"line":38,"column":84}},"14":{"start":{"line":38,"column":39},"end":{"line":38,"column":84}},"15":{"start":{"line":39,"column":8},"end":{"line":39,"column":93}},"16":{"start":{"line":39,"column":42},"end":{"line":39,"column":93}},"17":{"start":{"line":40,"column":8},"end":{"line":40,"column":105}},"18":{"start":{"line":40,"column":46},"end":{"line":40,"column":105}},"19":{"start":{"line":41,"column":8},"end":{"line":41,"column":93}},"20":{"start":{"line":41,"column":42},"end":{"line":41,"column":93}},"21":{"start":{"line":42,"column":8},"end":{"line":42,"column":87}},"22":{"start":{"line":42,"column":40},"end":{"line":42,"column":87}},"23":{"start":{"line":43,"column":8},"end":{"line":43,"column":96}},"24":{"start":{"line":43,"column":43},"end":{"line":43,"column":96}},"25":{"start":{"line":44,"column":8},"end":{"line":44,"column":90}},"26":{"start":{"line":44,"column":41},"end":{"line":44,"column":90}},"27":{"start":{"line":45,"column":8},"end":{"line":45,"column":92}},"28":{"start":{"line":45,"column":43},"end":{"line":45,"column":92}},"29":{"start":{"line":46,"column":8},"end":{"line":46,"column":77}},"30":{"start":{"line":46,"column":38},"end":{"line":46,"column":77}},"31":{"start":{"line":47,"column":8},"end":{"line":47,"column":110}},"32":{"start":{"line":47,"column":49},"end":{"line":47,"column":110}},"33":{"start":{"line":48,"column":8},"end":{"line":48,"column":122}},"34":{"start":{"line":48,"column":53},"end":{"line":48,"column":122}},"35":{"start":{"line":49,"column":8},"end":{"line":49,"column":113}},"36":{"start":{"line":49,"column":50},"end":{"line":49,"column":113}},"37":{"start":{"line":50,"column":8},"end":{"line":50,"column":89}},"38":{"start":{"line":52,"column":8},"end":{"line":54,"column":9}},"39":{"start":{"line":53,"column":12},"end":{"line":53,"column":103}},"40":{"start":{"line":56,"column":23},"end":{"line":56,"column":77}},"41":{"start":{"line":57,"column":28},"end":{"line":57,"column":91}},"42":{"start":{"line":58,"column":26},"end":{"line":58,"column":86}},"43":{"start":{"line":59,"column":25},"end":{"line":59,"column":83}},"44":{"start":{"line":60,"column":31},"end":{"line":60,"column":101}},"45":{"start":{"line":62,"column":8},"end":{"line":62,"column":104}},"46":{"start":{"line":70,"column":25},"end":{"line":70,"column":85}},"47":{"start":{"line":71,"column":30},"end":{"line":71,"column":110}},"48":{"start":{"line":71,"column":62},"end":{"line":71,"column":108}},"49":{"start":{"line":72,"column":25},"end":{"line":72,"column":94}},"50":{"start":{"line":74,"column":8},"end":{"line":86,"column":9}},"51":{"start":{"line":75,"column":24},"end":{"line":75,"column":61}},"52":{"start":{"line":76,"column":28},"end":{"line":76,"column":45}},"53":{"start":{"line":77,"column":26},"end":{"line":77,"column":57}},"54":{"start":{"line":78,"column":12},"end":{"line":85,"column":15}},"55":{"start":{"line":88,"column":32},"end":{"line":91,"column":10}},"56":{"start":{"line":89,"column":71},"end":{"line":89,"column":81}},"57":{"start":{"line":92,"column":31},"end":{"line":92,"column":118}},"58":{"start":{"line":92,"column":70},"end":{"line":92,"column":116}},"59":{"start":{"line":94,"column":26},"end":{"line":96,"column":140}},"60":{"start":{"line":95,"column":31},"end":{"line":95,"column":54}},"61":{"start":{"line":96,"column":33},"end":{"line":96,"column":138}},"62":{"start":{"line":97,"column":30},"end":{"line":97,"column":150}},"63":{"start":{"line":98,"column":8},"end":{"line":103,"column":9}},"64":{"start":{"line":99,"column":28},"end":{"line":99,"column":50}},"65":{"start":{"line":100,"column":28},"end":{"line":100,"column":97}},"66":{"start":{"line":101,"column":12},"end":{"line":101,"column":156}},"67":{"start":{"line":101,"column":147},"end":{"line":101,"column":156}},"68":{"start":{"line":102,"column":12},"end":{"line":102,"column":83}},"69":{"start":{"line":104,"column":8},"end":{"line":106,"column":9}},"70":{"start":{"line":105,"column":12},"end":{"line":105,"column":114}},"71":{"start":{"line":105,"column":97},"end":{"line":105,"column":105}},"72":{"start":{"line":107,"column":8},"end":{"line":109,"column":9}},"73":{"start":{"line":108,"column":12},"end":{"line":108,"column":91}},"74":{"start":{"line":110,"column":8},"end":{"line":110,"column":88}},"75":{"start":{"line":118,"column":25},"end":{"line":118,"column":90}},"76":{"start":{"line":119,"column":30},"end":{"line":121,"column":11}},"77":{"start":{"line":119,"column":67},"end":{"line":121,"column":10}},"78":{"start":{"line":122,"column":25},"end":{"line":122,"column":60}},"79":{"start":{"line":124,"column":8},"end":{"line":138,"column":9}},"80":{"start":{"line":125,"column":30},"end":{"line":125,"column":61}},"81":{"start":{"line":126,"column":28},"end":{"line":126,"column":57}},"82":{"start":{"line":127,"column":12},"end":{"line":127,"column":113}},"83":{"start":{"line":127,"column":104},"end":{"line":127,"column":113}},"84":{"start":{"line":128,"column":12},"end":{"line":137,"column":15}},"85":{"start":{"line":140,"column":31},"end":{"line":142,"column":70}},"86":{"start":{"line":141,"column":31},"end":{"line":141,"column":54}},"87":{"start":{"line":142,"column":38},"end":{"line":142,"column":68}},"88":{"start":{"line":143,"column":35},"end":{"line":143,"column":102}},"89":{"start":{"line":144,"column":8},"end":{"line":149,"column":9}},"90":{"start":{"line":145,"column":28},"end":{"line":145,"column":50}},"91":{"start":{"line":146,"column":12},"end":{"line":146,"column":35}},"92":{"start":{"line":146,"column":26},"end":{"line":146,"column":35}},"93":{"start":{"line":147,"column":30},"end":{"line":147,"column":486}},"94":{"start":{"line":148,"column":12},"end":{"line":148,"column":100}},"95":{"start":{"line":148,"column":28},"end":{"line":148,"column":100}},"96":{"start":{"line":150,"column":8},"end":{"line":152,"column":9}},"97":{"start":{"line":151,"column":12},"end":{"line":151,"column":134}},"98":{"start":{"line":151,"column":112},"end":{"line":151,"column":125}},"99":{"start":{"line":153,"column":8},"end":{"line":155,"column":9}},"100":{"start":{"line":154,"column":12},"end":{"line":154,"column":106}},"101":{"start":{"line":156,"column":8},"end":{"line":156,"column":108}},"102":{"start":{"line":164,"column":25},"end":{"line":164,"column":89}},"103":{"start":{"line":165,"column":30},"end":{"line":167,"column":11}},"104":{"start":{"line":165,"column":61},"end":{"line":167,"column":10}},"105":{"start":{"line":168,"column":25},"end":{"line":168,"column":59}},"106":{"start":{"line":170,"column":8},"end":{"line":185,"column":9}},"107":{"start":{"line":171,"column":30},"end":{"line":171,"column":55}},"108":{"start":{"line":172,"column":28},"end":{"line":172,"column":51}},"109":{"start":{"line":173,"column":12},"end":{"line":173,"column":101}},"110":{"start":{"line":173,"column":92},"end":{"line":173,"column":101}},"111":{"start":{"line":174,"column":12},"end":{"line":184,"column":15}},"112":{"start":{"line":187,"column":29},"end":{"line":189,"column":58}},"113":{"start":{"line":188,"column":31},"end":{"line":188,"column":54}},"114":{"start":{"line":189,"column":32},"end":{"line":189,"column":56}},"115":{"start":{"line":190,"column":33},"end":{"line":190,"column":99}},"116":{"start":{"line":191,"column":8},"end":{"line":196,"column":9}},"117":{"start":{"line":192,"column":28},"end":{"line":192,"column":50}},"118":{"start":{"line":193,"column":12},"end":{"line":193,"column":35}},"119":{"start":{"line":193,"column":26},"end":{"line":193,"column":35}},"120":{"start":{"line":194,"column":30},"end":{"line":194,"column":464}},"121":{"start":{"line":195,"column":12},"end":{"line":195,"column":92}},"122":{"start":{"line":195,"column":28},"end":{"line":195,"column":92}},"123":{"start":{"line":197,"column":8},"end":{"line":199,"column":9}},"124":{"start":{"line":198,"column":12},"end":{"line":198,"column":119}},"125":{"start":{"line":198,"column":103},"end":{"line":198,"column":110}},"126":{"start":{"line":200,"column":8},"end":{"line":202,"column":9}},"127":{"start":{"line":201,"column":12},"end":{"line":201,"column":101}},"128":{"start":{"line":203,"column":8},"end":{"line":203,"column":100}},"129":{"start":{"line":211,"column":25},"end":{"line":211,"column":87}},"130":{"start":{"line":212,"column":30},"end":{"line":212,"column":96}},"131":{"start":{"line":212,"column":64},"end":{"line":212,"column":94}},"132":{"start":{"line":213,"column":25},"end":{"line":213,"column":88}},"133":{"start":{"line":214,"column":8},"end":{"line":214,"column":110}},"134":{"start":{"line":214,"column":40},"end":{"line":214,"column":110}},"135":{"start":{"line":216,"column":28},"end":{"line":218,"column":88}},"136":{"start":{"line":217,"column":31},"end":{"line":217,"column":54}},"137":{"start":{"line":218,"column":46},"end":{"line":218,"column":86}},"138":{"start":{"line":219,"column":32},"end":{"line":219,"column":143}},"139":{"start":{"line":220,"column":8},"end":{"line":224,"column":9}},"140":{"start":{"line":221,"column":28},"end":{"line":221,"column":50}},"141":{"start":{"line":222,"column":12},"end":{"line":222,"column":117}},"142":{"start":{"line":222,"column":108},"end":{"line":222,"column":117}},"143":{"start":{"line":223,"column":12},"end":{"line":223,"column":96}},"144":{"start":{"line":225,"column":8},"end":{"line":227,"column":9}},"145":{"start":{"line":226,"column":12},"end":{"line":226,"column":122}},"146":{"start":{"line":226,"column":103},"end":{"line":226,"column":113}},"147":{"start":{"line":228,"column":8},"end":{"line":230,"column":9}},"148":{"start":{"line":229,"column":12},"end":{"line":229,"column":97}},"149":{"start":{"line":231,"column":8},"end":{"line":231,"column":96}},"150":{"start":{"line":239,"column":25},"end":{"line":239,"column":93}},"151":{"start":{"line":240,"column":30},"end":{"line":240,"column":114}},"152":{"start":{"line":240,"column":70},"end":{"line":240,"column":112}},"153":{"start":{"line":241,"column":25},"end":{"line":241,"column":60}},"154":{"start":{"line":242,"column":8},"end":{"line":242,"column":113}},"155":{"start":{"line":242,"column":52},"end":{"line":242,"column":113}},"156":{"start":{"line":244,"column":34},"end":{"line":246,"column":100}},"157":{"start":{"line":245,"column":31},"end":{"line":245,"column":54}},"158":{"start":{"line":246,"column":52},"end":{"line":246,"column":98}},"159":{"start":{"line":247,"column":38},"end":{"line":247,"column":121}},"160":{"start":{"line":248,"column":8},"end":{"line":252,"column":9}},"161":{"start":{"line":249,"column":28},"end":{"line":249,"column":50}},"162":{"start":{"line":250,"column":12},"end":{"line":250,"column":74}},"163":{"start":{"line":250,"column":65},"end":{"line":250,"column":74}},"164":{"start":{"line":251,"column":12},"end":{"line":251,"column":108}},"165":{"start":{"line":253,"column":8},"end":{"line":255,"column":9}},"166":{"start":{"line":254,"column":12},"end":{"line":254,"column":146}},"167":{"start":{"line":254,"column":121},"end":{"line":254,"column":137}},"168":{"start":{"line":256,"column":8},"end":{"line":258,"column":9}},"169":{"start":{"line":257,"column":12},"end":{"line":257,"column":115}},"170":{"start":{"line":259,"column":8},"end":{"line":259,"column":120}}},"fnMap":{"0":{"name":"(anonymous_0)","decl":{"start":{"line":12,"column":18},"end":{"line":12,"column":19}},"loc":{"start":{"line":12,"column":68},"end":{"line":16,"column":1}}},"1":{"name":"(anonymous_1)","decl":{"start":{"line":18,"column":20},"end":{"line":18,"column":21}},"loc":{"start":{"line":19,"column":4},"end":{"line":19,"column":74}}},"2":{"name":"(anonymous_2)","decl":{"start":{"line":19,"column":14},"end":{"line":19,"column":15}},"loc":{"start":{"line":19,"column":24},"end":{"line":19,"column":63}}},"3":{"name":"(anonymous_3)","decl":{"start":{"line":22,"column":4},"end":{"line":22,"column":9}},"loc":{"start":{"line":22,"column":64},"end":{"line":24,"column":5}}},"4":{"name":"(anonymous_4)","decl":{"start":{"line":23,"column":35},"end":{"line":23,"column":40}},"loc":{"start":{"line":23,"column":49},"end":{"line":23,"column":97}}},"5":{"name":"(anonymous_5)","decl":{"start":{"line":26,"column":12},"end":{"line":26,"column":17}},"loc":{"start":{"line":29,"column":33},"end":{"line":63,"column":5}}},"6":{"name":"(anonymous_6)","decl":{"start":{"line":65,"column":12},"end":{"line":65,"column":17}},"loc":{"start":{"line":68,"column":45},"end":{"line":111,"column":5}}},"7":{"name":"(anonymous_7)","decl":{"start":{"line":71,"column":51},"end":{"line":71,"column":52}},"loc":{"start":{"line":71,"column":62},"end":{"line":71,"column":108}}},"8":{"name":"(anonymous_8)","decl":{"start":{"line":89,"column":60},"end":{"line":89,"column":61}},"loc":{"start":{"line":89,"column":71},"end":{"line":89,"column":81}}},"9":{"name":"(anonymous_9)","decl":{"start":{"line":92,"column":59},"end":{"line":92,"column":60}},"loc":{"start":{"line":92,"column":70},"end":{"line":92,"column":116}}},"10":{"name":"(anonymous_10)","decl":{"start":{"line":95,"column":20},"end":{"line":95,"column":21}},"loc":{"start":{"line":95,"column":31},"end":{"line":95,"column":54}}},"11":{"name":"(anonymous_11)","decl":{"start":{"line":96,"column":17},"end":{"line":96,"column":18}},"loc":{"start":{"line":96,"column":33},"end":{"line":96,"column":138}}},"12":{"name":"(anonymous_12)","decl":{"start":{"line":105,"column":86},"end":{"line":105,"column":87}},"loc":{"start":{"line":105,"column":97},"end":{"line":105,"column":105}}},"13":{"name":"(anonymous_13)","decl":{"start":{"line":113,"column":12},"end":{"line":113,"column":17}},"loc":{"start":{"line":116,"column":54},"end":{"line":157,"column":5}}},"14":{"name":"(anonymous_14)","decl":{"start":{"line":119,"column":51},"end":{"line":119,"column":52}},"loc":{"start":{"line":119,"column":67},"end":{"line":121,"column":10}}},"15":{"name":"(anonymous_15)","decl":{"start":{"line":141,"column":20},"end":{"line":141,"column":21}},"loc":{"start":{"line":141,"column":31},"end":{"line":141,"column":54}}},"16":{"name":"(anonymous_16)","decl":{"start":{"line":142,"column":17},"end":{"line":142,"column":18}},"loc":{"start":{"line":142,"column":38},"end":{"line":142,"column":68}}},"17":{"name":"(anonymous_17)","decl":{"start":{"line":151,"column":96},"end":{"line":151,"column":97}},"loc":{"start":{"line":151,"column":112},"end":{"line":151,"column":125}}},"18":{"name":"(anonymous_18)","decl":{"start":{"line":159,"column":12},"end":{"line":159,"column":17}},"loc":{"start":{"line":162,"column":51},"end":{"line":204,"column":5}}},"19":{"name":"(anonymous_19)","decl":{"start":{"line":165,"column":51},"end":{"line":165,"column":52}},"loc":{"start":{"line":165,"column":61},"end":{"line":167,"column":10}}},"20":{"name":"(anonymous_20)","decl":{"start":{"line":188,"column":20},"end":{"line":188,"column":21}},"loc":{"start":{"line":188,"column":31},"end":{"line":188,"column":54}}},"21":{"name":"(anonymous_21)","decl":{"start":{"line":189,"column":17},"end":{"line":189,"column":18}},"loc":{"start":{"line":189,"column":32},"end":{"line":189,"column":56}}},"22":{"name":"(anonymous_22)","decl":{"start":{"line":198,"column":93},"end":{"line":198,"column":94}},"loc":{"start":{"line":198,"column":103},"end":{"line":198,"column":110}}},"23":{"name":"(anonymous_23)","decl":{"start":{"line":206,"column":12},"end":{"line":206,"column":17}},"loc":{"start":{"line":209,"column":49},"end":{"line":232,"column":5}}},"24":{"name":"(anonymous_24)","decl":{"start":{"line":212,"column":51},"end":{"line":212,"column":52}},"loc":{"start":{"line":212,"column":64},"end":{"line":212,"column":94}}},"25":{"name":"(anonymous_25)","decl":{"start":{"line":217,"column":20},"end":{"line":217,"column":21}},"loc":{"start":{"line":217,"column":31},"end":{"line":217,"column":54}}},"26":{"name":"(anonymous_26)","decl":{"start":{"line":218,"column":17},"end":{"line":218,"column":18}},"loc":{"start":{"line":218,"column":46},"end":{"line":218,"column":86}}},"27":{"name":"(anonymous_27)","decl":{"start":{"line":226,"column":90},"end":{"line":226,"column":91}},"loc":{"start":{"line":226,"column":103},"end":{"line":226,"column":113}}},"28":{"name":"(anonymous_28)","decl":{"start":{"line":234,"column":12},"end":{"line":234,"column":17}},"loc":{"start":{"line":237,"column":61},"end":{"line":260,"column":5}}},"29":{"name":"(anonymous_29)","decl":{"start":{"line":240,"column":51},"end":{"line":240,"column":52}},"loc":{"start":{"line":240,"column":70},"end":{"line":240,"column":112}}},"30":{"name":"(anonymous_30)","decl":{"start":{"line":245,"column":20},"end":{"line":245,"column":21}},"loc":{"start":{"line":245,"column":31},"end":{"line":245,"column":54}}},"31":{"name":"(anonymous_31)","decl":{"start":{"line":246,"column":17},"end":{"line":246,"column":18}},"loc":{"start":{"line":246,"column":52},"end":{"line":246,"column":98}}},"32":{"name":"(anonymous_32)","decl":{"start":{"line":254,"column":102},"end":{"line":254,"column":103}},"loc":{"start":{"line":254,"column":121},"end":{"line":254,"column":137}}}},"branchMap":{"0":{"loc":{"start":{"line":13,"column":4},"end":{"line":13,"column":28}},"type":"if","locations":[{"start":{"line":13,"column":4},"end":{"line":13,"column":28}},{"start":{},"end":{}}]},"1":{"loc":{"start":{"line":15,"column":11},"end":{"line":15,"column":53}},"type":"cond-expr","locations":[{"start":{"line":15,"column":42},"end":{"line":15,"column":46}},{"start":{"line":15,"column":49},"end":{"line":15,"column":53}}]},"2":{"loc":{"start":{"line":19,"column":25},"end":{"line":19,"column":35}},"type":"binary-expr","locations":[{"start":{"line":19,"column":25},"end":{"line":19,"column":29}},{"start":{"line":19,"column":33},"end":{"line":19,"column":35}}]},"3":{"loc":{"start":{"line":38,"column":8},"end":{"line":38,"column":84}},"type":"if","locations":[{"start":{"line":38,"column":8},"end":{"line":38,"column":84}},{"start":{},"end":{}}]},"4":{"loc":{"start":{"line":39,"column":8},"end":{"line":39,"column":93}},"type":"if","locations":[{"start":{"line":39,"column":8},"end":{"line":39,"column":93}},{"start":{},"end":{}}]},"5":{"loc":{"start":{"line":40,"column":8},"end":{"line":40,"column":105}},"type":"if","locations":[{"start":{"line":40,"column":8},"end":{"line":40,"column":105}},{"start":{},"end":{}}]},"6":{"loc":{"start":{"line":41,"column":8},"end":{"line":41,"column":93}},"type":"if","locations":[{"start":{"line":41,"column":8},"end":{"line":41,"column":93}},{"start":{},"end":{}}]},"7":{"loc":{"start":{"line":42,"column":8},"end":{"line":42,"column":87}},"type":"if","locations":[{"start":{"line":42,"column":8},"end":{"line":42,"column":87}},{"start":{},"end":{}}]},"8":{"loc":{"start":{"line":43,"column":8},"end":{"line":43,"column":96}},"type":"if","locations":[{"start":{"line":43,"column":8},"end":{"line":43,"column":96}},{"start":{},"end":{}}]},"9":{"loc":{"start":{"line":44,"column":8},"end":{"line":44,"column":90}},"type":"if","locations":[{"start":{"line":44,"column":8},"end":{"line":44,"column":90}},{"start":{},"end":{}}]},"10":{"loc":{"start":{"line":45,"column":8},"end":{"line":45,"column":92}},"type":"if","locations":[{"start":{"line":45,"column":8},"end":{"line":45,"column":92}},{"start":{},"end":{}}]},"11":{"loc":{"start":{"line":46,"column":8},"end":{"line":46,"column":77}},"type":"if","locations":[{"start":{"line":46,"column":8},"end":{"line":46,"column":77}},{"start":{},"end":{}}]},"12":{"loc":{"start":{"line":47,"column":8},"end":{"line":47,"column":110}},"type":"if","locations":[{"start":{"line":47,"column":8},"end":{"line":47,"column":110}},{"start":{},"end":{}}]},"13":{"loc":{"start":{"line":48,"column":8},"end":{"line":48,"column":122}},"type":"if","locations":[{"start":{"line":48,"column":8},"end":{"line":48,"column":122}},{"start":{},"end":{}}]},"14":{"loc":{"start":{"line":49,"column":8},"end":{"line":49,"column":113}},"type":"if","locations":[{"start":{"line":49,"column":8},"end":{"line":49,"column":113}},{"start":{},"end":{}}]},"15":{"loc":{"start":{"line":52,"column":8},"end":{"line":54,"column":9}},"type":"if","locations":[{"start":{"line":52,"column":8},"end":{"line":54,"column":9}},{"start":{},"end":{}}]},"16":{"loc":{"start":{"line":77,"column":26},"end":{"line":77,"column":57}},"type":"binary-expr","locations":[{"start":{"line":77,"column":26},"end":{"line":77,"column":49}},{"start":{"line":77,"column":53},"end":{"line":77,"column":57}}]},"17":{"loc":{"start":{"line":80,"column":35},"end":{"line":84,"column":68}},"type":"cond-expr","locations":[{"start":{"line":81,"column":22},"end":{"line":81,"column":27}},{"start":{"line":82,"column":22},"end":{"line":84,"column":68}}]},"18":{"loc":{"start":{"line":82,"column":22},"end":{"line":84,"column":68}},"type":"cond-expr","locations":[{"start":{"line":83,"column":26},"end":{"line":83,"column":51}},{"start":{"line":84,"column":26},"end":{"line":84,"column":68}}]},"19":{"loc":{"start":{"line":96,"column":67},"end":{"line":96,"column":136}},"type":"binary-expr","locations":[{"start":{"line":96,"column":67},"end":{"line":96,"column":128}},{"start":{"line":96,"column":132},"end":{"line":96,"column":136}}]},"20":{"loc":{"start":{"line":100,"column":28},"end":{"line":100,"column":97}},"type":"binary-expr","locations":[{"start":{"line":100,"column":28},"end":{"line":100,"column":89}},{"start":{"line":100,"column":93},"end":{"line":100,"column":97}}]},"21":{"loc":{"start":{"line":101,"column":12},"end":{"line":101,"column":156}},"type":"if","locations":[{"start":{"line":101,"column":12},"end":{"line":101,"column":156}},{"start":{},"end":{}}]},"22":{"loc":{"start":{"line":101,"column":16},"end":{"line":101,"column":145}},"type":"binary-expr","locations":[{"start":{"line":101,"column":16},"end":{"line":101,"column":24}},{"start":{"line":101,"column":29},"end":{"line":101,"column":56}},{"start":{"line":101,"column":60},"end":{"line":101,"column":113}},{"start":{"line":101,"column":117},"end":{"line":101,"column":144}}]},"23":{"loc":{"start":{"line":104,"column":8},"end":{"line":106,"column":9}},"type":"if","locations":[{"start":{"line":104,"column":8},"end":{"line":106,"column":9}},{"start":{},"end":{}}]},"24":{"loc":{"start":{"line":107,"column":8},"end":{"line":109,"column":9}},"type":"if","locations":[{"start":{"line":107,"column":8},"end":{"line":109,"column":9}},{"start":{},"end":{}}]},"25":{"loc":{"start":{"line":127,"column":12},"end":{"line":127,"column":113}},"type":"if","locations":[{"start":{"line":127,"column":12},"end":{"line":127,"column":113}},{"start":{},"end":{}}]},"26":{"loc":{"start":{"line":127,"column":16},"end":{"line":127,"column":102}},"type":"binary-expr","locations":[{"start":{"line":127,"column":16},"end":{"line":127,"column":26}},{"start":{"line":127,"column":30},"end":{"line":127,"column":56}},{"start":{"line":127,"column":61},"end":{"line":127,"column":89}},{"start":{"line":127,"column":93},"end":{"line":127,"column":101}}]},"27":{"loc":{"start":{"line":132,"column":29},"end":{"line":132,"column":59}},"type":"binary-expr","locations":[{"start":{"line":132,"column":29},"end":{"line":132,"column":51}},{"start":{"line":132,"column":55},"end":{"line":132,"column":59}}]},"28":{"loc":{"start":{"line":133,"column":26},"end":{"line":133,"column":53}},"type":"binary-expr","locations":[{"start":{"line":133,"column":26},"end":{"line":133,"column":45}},{"start":{"line":133,"column":49},"end":{"line":133,"column":53}}]},"29":{"loc":{"start":{"line":135,"column":25},"end":{"line":135,"column":69}},"type":"cond-expr","locations":[{"start":{"line":135,"column":55},"end":{"line":135,"column":59}},{"start":{"line":135,"column":62},"end":{"line":135,"column":69}}]},"30":{"loc":{"start":{"line":146,"column":12},"end":{"line":146,"column":35}},"type":"if","locations":[{"start":{"line":146,"column":12},"end":{"line":146,"column":35}},{"start":{},"end":{}}]},"31":{"loc":{"start":{"line":147,"column":30},"end":{"line":147,"column":486}},"type":"binary-expr","locations":[{"start":{"line":147,"column":30},"end":{"line":147,"column":76}},{"start":{"line":147,"column":80},"end":{"line":147,"column":126}},{"start":{"line":147,"column":130},"end":{"line":147,"column":182}},{"start":{"line":147,"column":186},"end":{"line":147,"column":232}},{"start":{"line":147,"column":236},"end":{"line":147,"column":276}},{"start":{"line":147,"column":280},"end":{"line":147,"column":342}},{"start":{"line":147,"column":346},"end":{"line":147,"column":426}},{"start":{"line":147,"column":430},"end":{"line":147,"column":486}}]},"32":{"loc":{"start":{"line":147,"column":347},"end":{"line":147,"column":381}},"type":"binary-expr","locations":[{"start":{"line":147,"column":347},"end":{"line":147,"column":373}},{"start":{"line":147,"column":377},"end":{"line":147,"column":381}}]},"33":{"loc":{"start":{"line":147,"column":388},"end":{"line":147,"column":425}},"type":"binary-expr","locations":[{"start":{"line":147,"column":388},"end":{"line":147,"column":417}},{"start":{"line":147,"column":421},"end":{"line":147,"column":425}}]},"34":{"loc":{"start":{"line":148,"column":12},"end":{"line":148,"column":100}},"type":"if","locations":[{"start":{"line":148,"column":12},"end":{"line":148,"column":100}},{"start":{},"end":{}}]},"35":{"loc":{"start":{"line":150,"column":8},"end":{"line":152,"column":9}},"type":"if","locations":[{"start":{"line":150,"column":8},"end":{"line":152,"column":9}},{"start":{},"end":{}}]},"36":{"loc":{"start":{"line":153,"column":8},"end":{"line":155,"column":9}},"type":"if","locations":[{"start":{"line":153,"column":8},"end":{"line":155,"column":9}},{"start":{},"end":{}}]},"37":{"loc":{"start":{"line":173,"column":12},"end":{"line":173,"column":101}},"type":"if","locations":[{"start":{"line":173,"column":12},"end":{"line":173,"column":101}},{"start":{},"end":{}}]},"38":{"loc":{"start":{"line":173,"column":16},"end":{"line":173,"column":90}},"type":"binary-expr","locations":[{"start":{"line":173,"column":16},"end":{"line":173,"column":26}},{"start":{"line":173,"column":30},"end":{"line":173,"column":49}},{"start":{"line":173,"column":54},"end":{"line":173,"column":77}},{"start":{"line":173,"column":81},"end":{"line":173,"column":89}}]},"39":{"loc":{"start":{"line":180,"column":25},"end":{"line":180,"column":64}},"type":"cond-expr","locations":[{"start":{"line":180,"column":50},"end":{"line":180,"column":54}},{"start":{"line":180,"column":57},"end":{"line":180,"column":64}}]},"40":{"loc":{"start":{"line":182,"column":27},"end":{"line":182,"column":49}},"type":"binary-expr","locations":[{"start":{"line":182,"column":27},"end":{"line":182,"column":41}},{"start":{"line":182,"column":45},"end":{"line":182,"column":49}}]},"41":{"loc":{"start":{"line":183,"column":23},"end":{"line":183,"column":41}},"type":"binary-expr","locations":[{"start":{"line":183,"column":23},"end":{"line":183,"column":33}},{"start":{"line":183,"column":37},"end":{"line":183,"column":41}}]},"42":{"loc":{"start":{"line":193,"column":12},"end":{"line":193,"column":35}},"type":"if","locations":[{"start":{"line":193,"column":12},"end":{"line":193,"column":35}},{"start":{},"end":{}}]},"43":{"loc":{"start":{"line":194,"column":30},"end":{"line":194,"column":464}},"type":"binary-expr","locations":[{"start":{"line":194,"column":30},"end":{"line":194,"column":70}},{"start":{"line":194,"column":74},"end":{"line":194,"column":104}},{"start":{"line":194,"column":108},"end":{"line":194,"column":150}},{"start":{"line":194,"column":154},"end":{"line":194,"column":206}},{"start":{"line":194,"column":210},"end":{"line":194,"column":266}},{"start":{"line":194,"column":270},"end":{"line":194,"column":344}},{"start":{"line":194,"column":348},"end":{"line":194,"column":392}},{"start":{"line":194,"column":396},"end":{"line":194,"column":432}},{"start":{"line":194,"column":436},"end":{"line":194,"column":464}}]},"44":{"loc":{"start":{"line":194,"column":271},"end":{"line":194,"column":305}},"type":"binary-expr","locations":[{"start":{"line":194,"column":271},"end":{"line":194,"column":297}},{"start":{"line":194,"column":301},"end":{"line":194,"column":305}}]},"45":{"loc":{"start":{"line":194,"column":312},"end":{"line":194,"column":343}},"type":"binary-expr","locations":[{"start":{"line":194,"column":312},"end":{"line":194,"column":335}},{"start":{"line":194,"column":339},"end":{"line":194,"column":343}}]},"46":{"loc":{"start":{"line":195,"column":12},"end":{"line":195,"column":92}},"type":"if","locations":[{"start":{"line":195,"column":12},"end":{"line":195,"column":92}},{"start":{},"end":{}}]},"47":{"loc":{"start":{"line":197,"column":8},"end":{"line":199,"column":9}},"type":"if","locations":[{"start":{"line":197,"column":8},"end":{"line":199,"column":9}},{"start":{},"end":{}}]},"48":{"loc":{"start":{"line":200,"column":8},"end":{"line":202,"column":9}},"type":"if","locations":[{"start":{"line":200,"column":8},"end":{"line":202,"column":9}},{"start":{},"end":{}}]},"49":{"loc":{"start":{"line":222,"column":12},"end":{"line":222,"column":117}},"type":"if","locations":[{"start":{"line":222,"column":12},"end":{"line":222,"column":117}},{"start":{},"end":{}}]},"50":{"loc":{"start":{"line":222,"column":16},"end":{"line":222,"column":106}},"type":"binary-expr","locations":[{"start":{"line":222,"column":16},"end":{"line":222,"column":24}},{"start":{"line":222,"column":29},"end":{"line":222,"column":58}},{"start":{"line":222,"column":62},"end":{"line":222,"column":105}}]},"51":{"loc":{"start":{"line":225,"column":8},"end":{"line":227,"column":9}},"type":"if","locations":[{"start":{"line":225,"column":8},"end":{"line":227,"column":9}},{"start":{},"end":{}}]},"52":{"loc":{"start":{"line":228,"column":8},"end":{"line":230,"column":9}},"type":"if","locations":[{"start":{"line":228,"column":8},"end":{"line":230,"column":9}},{"start":{},"end":{}}]},"53":{"loc":{"start":{"line":250,"column":12},"end":{"line":250,"column":74}},"type":"if","locations":[{"start":{"line":250,"column":12},"end":{"line":250,"column":74}},{"start":{},"end":{}}]},"54":{"loc":{"start":{"line":250,"column":16},"end":{"line":250,"column":63}},"type":"binary-expr","locations":[{"start":{"line":250,"column":16},"end":{"line":250,"column":24}},{"start":{"line":250,"column":28},"end":{"line":250,"column":63}}]},"55":{"loc":{"start":{"line":253,"column":8},"end":{"line":255,"column":9}},"type":"if","locations":[{"start":{"line":253,"column":8},"end":{"line":255,"column":9}},{"start":{},"end":{}}]},"56":{"loc":{"start":{"line":256,"column":8},"end":{"line":258,"column":9}},"type":"if","locations":[{"start":{"line":256,"column":8},"end":{"line":258,"column":9}},{"start":{},"end":{}}]}},"s":{"0":5,"1":0,"2":0,"3":0,"4":0,"5":5,"6":0,"7":0,"8":0,"9":0,"10":0,"11":0,"12":0,"13":0,"14":0,"15":0,"16":0,"17":0,"18":0,"19":0,"20":0,"21":0,"22":0,"23":0,"24":0,"25":0,"26":0,"27":0,"28":0,"29":0,"30":0,"31":0,"32":0,"33":0,"34":0,"35":0,"36":0,"37":0,"38":0,"39":0,"40":0,"41":0,"42":0,"43":0,"44":0,"45":0,"46":0,"47":0,"48":0,"49":0,"50":0,"51":0,"52":0,"53":0,"54":0,"55":0,"56":0,"57":0,"58":0,"59":0,"60":0,"61":0,"62":0,"63":0,"64":0,"65":0,"66":0,"67":0,"68":0,"69":0,"70":0,"71":0,"72":0,"73":0,"74":0,"75":0,"76":0,"77":0,"78":0,"79":0,"80":0,"81":0,"82":0,"83":0,"84":0,"85":0,"86":0,"87":0,"88":0,"89":0,"90":0,"91":0,"92":0,"93":0,"94":0,"95":0,"96":0,"97":0,"98":0,"99":0,"100":0,"101":0,"102":0,"103":0,"104":0,"105":0,"106":0,"107":0,"108":0,"109":0,"110":0,"111":0,"112":0,"113":0,"114":0,"115":0,"116":0,"117":0,"118":0,"119":0,"120":0,"121":0,"122":0,"123":0,"124":0,"125":0,"126":0,"127":0,"128":0,"129":0,"130":0,"131":0,"132":0,"133":0,"134":0,"135":0,"136":0,"137":0,"138":0,"139":0,"140":0,"141":0,"142":0,"143":0,"144":0,"145":0,"146":0,"147":0,"148":0,"149":0,"150":0,"151":0,"152":0,"153":0,"154":0,"155":0,"156":0,"157":0,"158":0,"159":0,"160":0,"161":0,"162":0,"163":0,"164":0,"165":0,"166":0,"167":0,"168":0,"169":0,"170":0},"f":{"0":0,"1":0,"2":0,"3":0,"4":0,"5":0,"6":0,"7":0,"8":0,"9":0,"10":0,"11":0,"12":0,"13":0,"14":0,"15":0,"16":0,"17":0,"18":0,"19":0,"20":0,"21":0,"22":0,"23":0,"24":0,"25":0,"26":0,"27":0,"28":0,"29":0,"30":0,"31":0,"32":0},"b":{"0":[0,0],"1":[0,0],"2":[0,0],"3":[0,0],"4":[0,0],"5":[0,0],"6":[0,0],"7":[0,0],"8":[0,0],"9":[0,0],"10":[0,0],"11":[0,0],"12":[0,0],"13":[0,0],"14":[0,0],"15":[0,0],"16":[0,0],"17":[0,0],"18":[0,0],"19":[0,0],"20":[0,0],"21":[0,0],"22":[0,0,0,0],"23":[0,0],"24":[0,0],"25":[0,0],"26":[0,0,0,0],"27":[0,0],"28":[0,0],"29":[0,0],"30":[0,0],"31":[0,0,0,0,0,0,0,0],"32":[0,0],"33":[0,0],"34":[0,0],"35":[0,0],"36":[0,0],"37":[0,0],"38":[0,0,0,0],"39":[0,0],"40":[0,0],"41":[0,0],"42":[0,0],"43":[0,0,0,0,0,0,0,0,0],"44":[0,0],"45":[0,0],"46":[0,0],"47":[0,0],"48":[0,0],"49":[0,0],"50":[0,0,0],"51":[0,0],"52":[0,0],"53":[0,0],"54":[0,0],"55":[0,0],"56":[0,0]}}
,"C:\\Project\\TalentForge\\Backend\\src\\modules\\resume\\services\\document-extractor.service.ts": {"path":"C:\\Project\\TalentForge\\Backend\\src\\modules\\resume\\services\\document-extractor.service.ts","statementMap":{"0":{"start":{"line":20,"column":8},"end":{"line":22,"column":9}},"1":{"start":{"line":21,"column":12},"end":{"line":21,"column":77}},"2":{"start":{"line":23,"column":8},"end":{"line":25,"column":9}},"3":{"start":{"line":24,"column":12},"end":{"line":24,"column":81}},"4":{"start":{"line":26,"column":8},"end":{"line":28,"column":9}},"5":{"start":{"line":27,"column":12},"end":{"line":27,"column":58}},"6":{"start":{"line":30,"column":35},"end":{"line":30,"column":64}},"7":{"start":{"line":32,"column":8},"end":{"line":41,"column":9}},"8":{"start":{"line":34,"column":16},"end":{"line":34,"column":55}},"9":{"start":{"line":37,"column":16},"end":{"line":37,"column":56}},"10":{"start":{"line":40,"column":16},"end":{"line":40,"column":71}},"11":{"start":{"line":47,"column":8},"end":{"line":49,"column":9}},"12":{"start":{"line":48,"column":12},"end":{"line":48,"column":85}},"13":{"start":{"line":51,"column":8},"end":{"line":51,"column":82}},"14":{"start":{"line":53,"column":27},"end":{"line":56,"column":null}},"15":{"start":{"line":60,"column":31},"end":{"line":60,"column":33}},"16":{"start":{"line":63,"column":8},"end":{"line":79,"column":9}},"17":{"start":{"line":64,"column":12},"end":{"line":64,"column":46}},"18":{"start":{"line":65,"column":31},"end":{"line":65,"column":53}},"19":{"start":{"line":66,"column":12},"end":{"line":66,"column":53}},"20":{"start":{"line":67,"column":12},"end":{"line":67,"column":82}},"21":{"start":{"line":69,"column":28},"end":{"line":69,"column":96}},"22":{"start":{"line":70,"column":12},"end":{"line":70,"column":109}},"23":{"start":{"line":72,"column":12},"end":{"line":78,"column":13}},"24":{"start":{"line":73,"column":16},"end":{"line":77,"column":17}},"25":{"start":{"line":74,"column":20},"end":{"line":74,"column":43}},"26":{"start":{"line":81,"column":28},"end":{"line":81,"column":64}},"27":{"start":{"line":82,"column":26},"end":{"line":82,"column":57}},"28":{"start":{"line":84,"column":8},"end":{"line":89,"column":9}},"29":{"start":{"line":85,"column":12},"end":{"line":87,"column":13}},"30":{"start":{"line":86,"column":16},"end":{"line":86,"column":52}},"31":{"start":{"line":88,"column":12},"end":{"line":88,"column":61}},"32":{"start":{"line":91,"column":8},"end":{"line":91,"column":145}},"33":{"start":{"line":93,"column":8},"end":{"line":97,"column":10}},"34":{"start":{"line":103,"column":8},"end":{"line":105,"column":9}},"35":{"start":{"line":104,"column":12},"end":{"line":104,"column":86}},"36":{"start":{"line":107,"column":8},"end":{"line":107,"column":83}},"37":{"start":{"line":110,"column":8},"end":{"line":115,"column":9}},"38":{"start":{"line":111,"column":12},"end":{"line":111,"column":78}},"39":{"start":{"line":113,"column":28},"end":{"line":113,"column":97}},"40":{"start":{"line":114,"column":12},"end":{"line":114,"column":110}},"41":{"start":{"line":117,"column":28},"end":{"line":117,"column":60}},"42":{"start":{"line":118,"column":26},"end":{"line":118,"column":57}},"43":{"start":{"line":120,"column":8},"end":{"line":122,"column":9}},"44":{"start":{"line":121,"column":12},"end":{"line":121,"column":62}},"45":{"start":{"line":124,"column":8},"end":{"line":124,"column":107}},"46":{"start":{"line":126,"column":8},"end":{"line":129,"column":10}}},"fnMap":{"0":{"name":"(anonymous_0)","decl":{"start":{"line":16,"column":11},"end":{"line":16,"column":16}},"loc":{"start":{"line":18,"column":24},"end":{"line":42,"column":5}}},"1":{"name":"(anonymous_1)","decl":{"start":{"line":44,"column":11},"end":{"line":44,"column":16}},"loc":{"start":{"line":45,"column":30},"end":{"line":98,"column":5}}},"2":{"name":"(anonymous_2)","decl":{"start":{"line":100,"column":11},"end":{"line":100,"column":16}},"loc":{"start":{"line":101,"column":30},"end":{"line":130,"column":5}}}},"branchMap":{"0":{"loc":{"start":{"line":20,"column":8},"end":{"line":22,"column":9}},"type":"if","locations":[{"start":{"line":20,"column":8},"end":{"line":22,"column":9}},{"start":{},"end":{}}]},"1":{"loc":{"start":{"line":23,"column":8},"end":{"line":25,"column":9}},"type":"if","locations":[{"start":{"line":23,"column":8},"end":{"line":25,"column":9}},{"start":{},"end":{}}]},"2":{"loc":{"start":{"line":26,"column":8},"end":{"line":28,"column":9}},"type":"if","locations":[{"start":{"line":26,"column":8},"end":{"line":28,"column":9}},{"start":{},"end":{}}]},"3":{"loc":{"start":{"line":26,"column":12},"end":{"line":26,"column":53}},"type":"binary-expr","locations":[{"start":{"line":26,"column":12},"end":{"line":26,"column":21}},{"start":{"line":26,"column":25},"end":{"line":26,"column":53}}]},"4":{"loc":{"start":{"line":32,"column":8},"end":{"line":41,"column":9}},"type":"switch","locations":[{"start":{"line":33,"column":12},"end":{"line":34,"column":55}},{"start":{"line":36,"column":12},"end":{"line":37,"column":56}},{"start":{"line":39,"column":12},"end":{"line":40,"column":71}}]},"5":{"loc":{"start":{"line":47,"column":8},"end":{"line":49,"column":9}},"type":"if","locations":[{"start":{"line":47,"column":8},"end":{"line":49,"column":9}},{"start":{},"end":{}}]},"6":{"loc":{"start":{"line":47,"column":12},"end":{"line":47,"column":58}},"type":"binary-expr","locations":[{"start":{"line":47,"column":12},"end":{"line":47,"column":27}},{"start":{"line":47,"column":31},"end":{"line":47,"column":58}}]},"7":{"loc":{"start":{"line":66,"column":31},"end":{"line":66,"column":52}},"type":"binary-expr","locations":[{"start":{"line":66,"column":31},"end":{"line":66,"column":46}},{"start":{"line":66,"column":50},"end":{"line":66,"column":52}}]},"8":{"loc":{"start":{"line":67,"column":24},"end":{"line":67,"column":81}},"type":"binary-expr","locations":[{"start":{"line":67,"column":24},"end":{"line":67,"column":40}},{"start":{"line":67,"column":44},"end":{"line":67,"column":68}},{"start":{"line":67,"column":72},"end":{"line":67,"column":81}}]},"9":{"loc":{"start":{"line":69,"column":28},"end":{"line":69,"column":96}},"type":"cond-expr","locations":[{"start":{"line":69,"column":53},"end":{"line":69,"column":66}},{"start":{"line":69,"column":69},"end":{"line":69,"column":96}}]},"10":{"loc":{"start":{"line":72,"column":12},"end":{"line":78,"column":13}},"type":"if","locations":[{"start":{"line":72,"column":12},"end":{"line":78,"column":13}},{"start":{},"end":{}}]},"11":{"loc":{"start":{"line":84,"column":8},"end":{"line":89,"column":9}},"type":"if","locations":[{"start":{"line":84,"column":8},"end":{"line":89,"column":9}},{"start":{},"end":{}}]},"12":{"loc":{"start":{"line":84,"column":12},"end":{"line":84,"column":55}},"type":"binary-expr","locations":[{"start":{"line":84,"column":12},"end":{"line":84,"column":36}},{"start":{"line":84,"column":40},"end":{"line":84,"column":55}}]},"13":{"loc":{"start":{"line":85,"column":12},"end":{"line":87,"column":13}},"type":"if","locations":[{"start":{"line":85,"column":12},"end":{"line":87,"column":13}},{"start":{},"end":{}}]},"14":{"loc":{"start":{"line":85,"column":16},"end":{"line":85,"column":42}},"type":"binary-expr","locations":[{"start":{"line":85,"column":16},"end":{"line":85,"column":25}},{"start":{"line":85,"column":29},"end":{"line":85,"column":42}}]},"15":{"loc":{"start":{"line":91,"column":119},"end":{"line":91,"column":141}},"type":"binary-expr","locations":[{"start":{"line":91,"column":119},"end":{"line":91,"column":128}},{"start":{"line":91,"column":132},"end":{"line":91,"column":141}}]},"16":{"loc":{"start":{"line":96,"column":16},"end":{"line":96,"column":56}},"type":"binary-expr","locations":[{"start":{"line":96,"column":16},"end":{"line":96,"column":39}},{"start":{"line":96,"column":43},"end":{"line":96,"column":56}}]},"17":{"loc":{"start":{"line":103,"column":8},"end":{"line":105,"column":9}},"type":"if","locations":[{"start":{"line":103,"column":8},"end":{"line":105,"column":9}},{"start":{},"end":{}}]},"18":{"loc":{"start":{"line":103,"column":12},"end":{"line":103,"column":58}},"type":"binary-expr","locations":[{"start":{"line":103,"column":12},"end":{"line":103,"column":27}},{"start":{"line":103,"column":31},"end":{"line":103,"column":58}}]},"19":{"loc":{"start":{"line":113,"column":28},"end":{"line":113,"column":97}},"type":"cond-expr","locations":[{"start":{"line":113,"column":53},"end":{"line":113,"column":66}},{"start":{"line":113,"column":69},"end":{"line":113,"column":97}}]},"20":{"loc":{"start":{"line":120,"column":8},"end":{"line":122,"column":9}},"type":"if","locations":[{"start":{"line":120,"column":8},"end":{"line":122,"column":9}},{"start":{},"end":{}}]},"21":{"loc":{"start":{"line":120,"column":12},"end":{"line":120,"column":55}},"type":"binary-expr","locations":[{"start":{"line":120,"column":12},"end":{"line":120,"column":36}},{"start":{"line":120,"column":40},"end":{"line":120,"column":55}}]}},"s":{"0":3,"1":0,"2":3,"3":0,"4":3,"5":0,"6":3,"7":3,"8":1,"9":1,"10":1,"11":5,"12":1,"13":4,"14":4,"15":4,"16":4,"17":4,"18":4,"19":3,"20":3,"21":1,"22":1,"23":4,"24":4,"25":4,"26":3,"27":3,"28":3,"29":1,"30":1,"31":0,"32":2,"33":2,"34":5,"35":1,"36":4,"37":4,"38":4,"39":1,"40":1,"41":3,"42":3,"43":3,"44":1,"45":2,"46":2},"f":{"0":3,"1":5,"2":5},"b":{"0":[0,3],"1":[0,3],"2":[0,3],"3":[3,3],"4":[1,1,1],"5":[1,4],"6":[5,5],"7":[3,0],"8":[3,0,0],"9":[1,0],"10":[4,0],"11":[1,2],"12":[3,2],"13":[1,0],"14":[1,1],"15":[2,0],"16":[2,2],"17":[1,4],"18":[5,5],"19":[1,0],"20":[1,2],"21":[3,2]}}
,"C:\\Project\\TalentForge\\Backend\\src\\modules\\resume\\services\\resume-normalization.service.ts": {"path":"C:\\Project\\TalentForge\\Backend\\src\\modules\\resume\\services\\resume-normalization.service.ts","statementMap":{"0":{"start":{"line":25,"column":49},"end":{"line":25,"column":80}},"1":{"start":{"line":28,"column":8},"end":{"line":30,"column":9}},"2":{"start":{"line":29,"column":12},"end":{"line":29,"column":78}},"3":{"start":{"line":32,"column":8},"end":{"line":32,"column":104}},"4":{"start":{"line":34,"column":35},"end":{"line":34,"column":72}},"5":{"start":{"line":35,"column":39},"end":{"line":35,"column":84}},"6":{"start":{"line":36,"column":33},"end":{"line":36,"column":98}},"7":{"start":{"line":37,"column":37},"end":{"line":37,"column":78}},"8":{"start":{"line":38,"column":36},"end":{"line":38,"column":75}},"9":{"start":{"line":39,"column":35},"end":{"line":39,"column":72}},"10":{"start":{"line":40,"column":41},"end":{"line":40,"column":90}},"11":{"start":{"line":42,"column":8},"end":{"line":44,"column":10}},"12":{"start":{"line":46,"column":8},"end":{"line":54,"column":10}},"13":{"start":{"line":58,"column":8},"end":{"line":67,"column":10}},"14":{"start":{"line":71,"column":20},"end":{"line":71,"column":48}},"15":{"start":{"line":72,"column":8},"end":{"line":78,"column":10}},"16":{"start":{"line":82,"column":8},"end":{"line":84,"column":9}},"17":{"start":{"line":83,"column":12},"end":{"line":83,"column":22}},"18":{"start":{"line":86,"column":8},"end":{"line":97,"column":16}},"19":{"start":{"line":88,"column":28},"end":{"line":97,"column":14}},"20":{"start":{"line":101,"column":8},"end":{"line":103,"column":9}},"21":{"start":{"line":102,"column":12},"end":{"line":102,"column":22}},"22":{"start":{"line":105,"column":8},"end":{"line":120,"column":15}},"23":{"start":{"line":108,"column":26},"end":{"line":108,"column":36}},"24":{"start":{"line":109,"column":16},"end":{"line":119,"column":18}},"25":{"start":{"line":124,"column":8},"end":{"line":126,"column":9}},"26":{"start":{"line":125,"column":12},"end":{"line":125,"column":22}},"27":{"start":{"line":128,"column":27},"end":{"line":128,"column":65}},"28":{"start":{"line":130,"column":8},"end":{"line":145,"column":9}},"29":{"start":{"line":131,"column":12},"end":{"line":131,"column":46}},"30":{"start":{"line":131,"column":37},"end":{"line":131,"column":46}},"31":{"start":{"line":133,"column":25},"end":{"line":133,"column":51}},"32":{"start":{"line":134,"column":12},"end":{"line":134,"column":32}},"33":{"start":{"line":134,"column":23},"end":{"line":134,"column":32}},"34":{"start":{"line":136,"column":32},"end":{"line":136,"column":63}},"35":{"start":{"line":137,"column":29},"end":{"line":137,"column":95}},"36":{"start":{"line":139,"column":12},"end":{"line":144,"column":13}},"37":{"start":{"line":140,"column":16},"end":{"line":143,"column":19}},"38":{"start":{"line":147,"column":8},"end":{"line":147,"column":47}},"39":{"start":{"line":151,"column":8},"end":{"line":153,"column":9}},"40":{"start":{"line":152,"column":12},"end":{"line":152,"column":22}},"41":{"start":{"line":155,"column":24},"end":{"line":155,"column":68}},"42":{"start":{"line":157,"column":8},"end":{"line":170,"column":9}},"43":{"start":{"line":158,"column":12},"end":{"line":158,"column":46}},"44":{"start":{"line":158,"column":37},"end":{"line":158,"column":46}},"45":{"start":{"line":160,"column":25},"end":{"line":160,"column":51}},"46":{"start":{"line":161,"column":12},"end":{"line":161,"column":32}},"47":{"start":{"line":161,"column":23},"end":{"line":161,"column":32}},"48":{"start":{"line":163,"column":29},"end":{"line":163,"column":53}},"49":{"start":{"line":165,"column":12},"end":{"line":169,"column":13}},"50":{"start":{"line":166,"column":16},"end":{"line":168,"column":19}},"51":{"start":{"line":172,"column":8},"end":{"line":172,"column":44}}},"fnMap":{"0":{"name":"(anonymous_0)","decl":{"start":{"line":27,"column":11},"end":{"line":27,"column":16}},"loc":{"start":{"line":27,"column":62},"end":{"line":55,"column":5}}},"1":{"name":"(anonymous_1)","decl":{"start":{"line":57,"column":12},"end":{"line":57,"column":29}},"loc":{"start":{"line":57,"column":58},"end":{"line":68,"column":5}}},"2":{"name":"(anonymous_2)","decl":{"start":{"line":70,"column":12},"end":{"line":70,"column":33}},"loc":{"start":{"line":70,"column":70},"end":{"line":79,"column":5}}},"3":{"name":"(anonymous_3)","decl":{"start":{"line":81,"column":12},"end":{"line":81,"column":31}},"loc":{"start":{"line":81,"column":68},"end":{"line":98,"column":5}}},"4":{"name":"(anonymous_4)","decl":{"start":{"line":88,"column":17},"end":{"line":88,"column":18}},"loc":{"start":{"line":88,"column":28},"end":{"line":97,"column":14}}},"5":{"name":"(anonymous_5)","decl":{"start":{"line":100,"column":12},"end":{"line":100,"column":30}},"loc":{"start":{"line":100,"column":65},"end":{"line":121,"column":5}}},"6":{"name":"(anonymous_6)","decl":{"start":{"line":107,"column":17},"end":{"line":107,"column":18}},"loc":{"start":{"line":107,"column":26},"end":{"line":120,"column":13}}},"7":{"name":"(anonymous_7)","decl":{"start":{"line":123,"column":12},"end":{"line":123,"column":29}},"loc":{"start":{"line":123,"column":61},"end":{"line":148,"column":5}}},"8":{"name":"(anonymous_8)","decl":{"start":{"line":150,"column":12},"end":{"line":150,"column":35}},"loc":{"start":{"line":150,"column":79},"end":{"line":173,"column":5}}}},"branchMap":{"0":{"loc":{"start":{"line":28,"column":8},"end":{"line":30,"column":9}},"type":"if","locations":[{"start":{"line":28,"column":8},"end":{"line":30,"column":9}},{"start":{},"end":{}}]},"1":{"loc":{"start":{"line":43,"column":89},"end":{"line":43,"column":113}},"type":"binary-expr","locations":[{"start":{"line":43,"column":89},"end":{"line":43,"column":108}},{"start":{"line":43,"column":112},"end":{"line":43,"column":113}}]},"2":{"loc":{"start":{"line":43,"column":158},"end":{"line":43,"column":184}},"type":"binary-expr","locations":[{"start":{"line":43,"column":158},"end":{"line":43,"column":179}},{"start":{"line":43,"column":183},"end":{"line":43,"column":184}}]},"3":{"loc":{"start":{"line":43,"column":237},"end":{"line":43,"column":269}},"type":"
[...]
,"C:\\Project\\TalentForge\\Backend\\src\\modules\\resume\\utils\\resume-parser.prompt.ts": {"path":"C:\\Project\\TalentForge\\Backend\\src\\modules\\resume\\utils\\resume-parser.prompt.ts","statementMap":{"0":{"start":{"line":1,"column":43},"end":{"line":86,"column":2}}},"fnMap":{},"branchMap":{},"s":{"0":6},"f":{},"b":{}}
,"C:\\Project\\TalentForge\\Backend\\src\\modules\\resume\\websocket\\resume-progress.publisher.ts": {"path":"C:\\Project\\TalentForge\\Backend\\src\\modules\\resume\\websocket\\resume-progress.publisher.ts","statementMap":{"0":{"start":{"line":20,"column":4},"end":{"line":20,"column":37}},"1":{"start":{"line":20,"column":20},"end":{"line":20,"column":37}},"2":{"start":{"line":22,"column":18},"end":{"line":22,"column":41}},"3":{"start":{"line":23,"column":4},"end":{"line":38,"column":5}},"4":{"start":{"line":37,"column":8},"end":{"line":37,"column":62}},"5":{"start":{"line":40,"column":4},"end":{"line":42,"column":5}},"6":{"start":{"line":41,"column":8},"end":{"line":41,"column":47}},"7":{"start":{"line":44,"column":4},"end":{"line":44,"column":21}},"8":{"start":{"line":52,"column":57},"end":{"line":52,"column":61}},"9":{"start":{"line":56,"column":8},"end":{"line":56,"column":43}},"10":{"start":{"line":61,"column":8},"end":{"line":61,"column":38}},"11":{"start":{"line":72,"column":8},"end":{"line":123,"column":9}},"12":{"start":{"line":73,"column":67},"end":{"line":73,"column":71}},"13":{"start":{"line":74,"column":29},"end":{"line":74,"column":56}},"14":{"start":{"line":75,"column":40},"end":{"line":75,"column":62}},"15":{"start":{"line":76,"column":28},"end":{"line":76,"column":89}},"16":{"start":{"line":77,"column":30},"end":{"line":77,"column":54}},"17":{"start":{"line":79,"column":12},"end":{"line":91,"column":14}},"18":{"start":{"line":93,"column":12},"end":{"line":99,"column":13}},"19":{"start":{"line":94,"column":16},"end":{"line":97,"column":18}},"20":{"start":{"line":98,"column":16},"end":{"line":98,"column":23}},"21":{"start":{"line":101,"column":58},"end":{"line":110,"column":14}},"22":{"start":{"line":112,"column":12},"end":{"line":112,"column":102}},"23":{"start":{"line":114,"column":12},"end":{"line":122,"column":14}},"24":{"start":{"line":132,"column":8},"end":{"line":176,"column":9}},"25":{"start":{"line":133,"column":53},"end":{"line":133,"column":57}},"26":{"start":{"line":134,"column":29},"end":{"line":134,"column":56}},"27":{"start":{"line":135,"column":30},"end":{"line":135,"column":54}},"28":{"start":{"line":137,"column":12},"end":{"line":146,"column":14}},"29":{"start":{"line":148,"column":12},"end":{"line":154,"column":13}},"30":{"start":{"line":149,"column":16},"end":{"line":152,"column":18}},"31":{"start":{"line":153,"column":16},"end":{"line":153,"column":23}},"32":{"start":{"line":156,"column":66},"end":{"line":163,"column":14}},"33":{"start":{"line":165,"column":12},"end":{"line":165,"column":103}},"34":{"start":{"line":167,"column":12},"end":{"line":175,"column":14}},"35":{"start":{"line":187,"column":8},"end":{"line":229,"column":9}},"36":{"start":{"line":188,"column":53},"end":{"line":188,"column":57}},"37":{"start":{"line":189,"column":29},"end":{"line":189,"column":56}},"38":{"start":{"line":190,"column":35},"end":{"line":190,"column":108}},"39":{"start":{"line":191,"column":30},"end":{"line":191,"column":54}},"40":{"start":{"line":193,"column":12},"end":{"line":203,"column":14}},"41":{"start":{"line":205,"column":12},"end":{"line":207,"column":13}},"42":{"start":{"line":206,"column":16},"end":{"line":206,"column":23}},"43":{"start":{"line":209,"column":60},"end":{"line":217,"column":14}},"44":{"start":{"line":219,"column":12},"end":{"line":219,"column":97}},"45":{"start":{"line":221,"column":12},"end":{"line":228,"column":14}}},"fnMap":{"0":{"name":"sanitizeReason","decl":{"start":{"line":19,"column":9},"end":{"line":19,"column":23}},"loc":{"start":{"line":19,"column":42},"end":{"line":45,"column":1}}},"1":{"name":"(anonymous_1)","decl":{"start":{"line":55,"column":11},"end":{"line":55,"column":17}},"loc":{"start":{"line":55,"column":51},"end":{"line":57,"column":5}}},"2":{"name":"(anonymous_2)","decl":{"start":{"line":60,"column":11},"end":{"line":60,"column":17}},"loc":{"start":{"line":60,"column":30},"end":{"line":62,"column":5}}},"3":{"name":"(anonymous_3)","decl":{"start":{"line":68,"column":11},"end":{"line":68,"column":17}},"loc":{"start":{"line":70,"column":29},"end":{"line":124,"column":5}}},"4":{"name":"(anonymous_4)","decl":{"start":{"line":131,"column":11},"end":{"line":131,"column":17}},"loc":{"start":{"line":131,"column":62},"end":{"line":177,"column":5}}},"5":{"name":"(anonymous_5)","decl":{"start":{"line":183,"column":11},"end":{"line":183,"column":17}},"loc":{"start":{"line":185,"column":28},"end":{"line":230,"column":5}}}},"branchMap":{"0":{"loc":{"start":{"line":20,"column":4},"end":{"line":20,"column":37}},"type":"if","locations":[{"start":{"line":20,"column":4},"end":{"line":20,"column":37}},{"start":{},"end":{}}]},"1":{"loc":{"start":{"line":23,"column":4},"end":{"line":38,"column":5}},"type":"if","locations":[{"start":{"line":23,"column":4},"end":{"line":38,"column":5}},{"start":{},"end":{}}]},"2":{"loc":{"start":{"line":24,"column":8},"end":{"line":35,"column":31}},"type":"binary-expr","locations":[{"start":{"line":24,"column":8},"end":{"line":24,"column":33}},{"start":{"line":25,"column":8},"end":{"line":25,"column":36}},{"start":{"line":26,"column":8},"end":{"line":26,"column":39}},{"start":{"line":27,"column":8},"end":{"line":27,"column":32}},{"start":{"line":28,"column":8},"end":{"line":28,"column":32}},{"start":{"line":29,"column":8},"end":{"line":29,"column":34}},{"start":{"line":30,"column":8},"end":{"line":30,"column":29}},{"start":{"line":31,"column":8},"end":{"line":31,"column":43}},{"start":{"line":32,"column":8},"end":{"line":32,"column":32}},{"start":{"line":33,"column":8},"end":{"line":33,"column":34}},{"start":{"line":34,"column":8},"end":{"line":34,"column":34}},{"start":{"line":35,"column":8},"end":{"line":35,"column":31}}]},"3":{"loc":{"start":{"line":40,"column":4},"end":{"line":42,"column":5}},"type":"if","locations":[{"start":{"line":40,"column":4},"end":{"line":42,"column":5}},{"start":{},"end":{}}]},"4":{"loc":{"start":{"line":76,"column":28},"end":{"line":76,"column":89}},"type":"binary-expr","locations":[{"start":{"line":76,"column":28},"end":{"line":76,"column":57}},{"start":{"line":76,"column":61},"end":{"line":76,"column":89}}]},"5":{"loc":{"start":{"line":93,"column":12},"end":{"line":99,"column":13}},"type":"if","locations":[{"start":{"line":93,"column":12},"end":{"line":99,"column":13}},{"start":{},"end":{}}]},"6":{"loc":{"start":{"line":116,"column":25},"end":{"line":116,"column":71}},"type":"cond-expr","locations":[{"start":{"line":116,"column":50},"end":{"line":116,"column":63}},{"start":{"line":116,"column":66},"end":{"line":116,"column":71}}]},"7":{"loc":{"start":{"line":148,"column":12},"end":{"line":154,"column":13}},"type":"if","locations":[{"start":{"line":148,"column":12},"end":{"line":154,"column":13}},{"start":{},"end":{}}]},"8":{"loc":{"start":{"line":169,"column":25},"end":{"line":169,"column":71}},"type":"cond-expr","locations":[{"start":{"line":169,"column":50},"end":{"line":169,"column":63}},{"start":{"line":169,"column":66},"end":{"line":169,"column":71}}]},"9":{"loc":{"start":{"line":190,"column":35},"end":{"line":190,"column":108}},"type":"binary-expr","locations":[{"start":{"line":190,"column":35},"end":{"line":190,"column":63}},{"start":{"line":190,"column":67},"end":{"line":190,"column":108}}]},"10":{"loc":{"start":{"line":205,"column":12},"end":{"line":207,"column":13}},"type":"if","locations":[{"start":{"line":205,"column":12},"end":{"line":207,"column":13}},{"start":{},"end":{}}]},"11":{"loc":{"start":{"line":223,"column":25},"end":{"line":223,"column":71}},"type":"cond-expr","locations":[{"start":{"line":223,"column":50},"end":{"line":223,"column":63}},{"start":{"line":223,"column":66},"end":{"line":223,"column":71}}]}},"s":{"0":45,"1":37,"2":8,"3":8,"4":1,"5":7,"6":0,"7":7,"8":4,"9":5,"10":1,"11":41,"12":41,"13":41,"14":41,"15":41,"16":41,"17":41,"18":41,"19":0,"20":0,"21":41,"22":41,"23":1,"24":7,"25":7,"26":7,"27":7,"28":7,"29":7,"30":0,"31":0,"32":7,"33":7,"34":1,"35":4,"36":4,"37":4,"38":4,"39":4,"40":4,"41":4,"42":0,"43":4,"44":4,"45":1},"f":{"0":45,"1":5,"2":1,"3":41,"4":7,"5":4},"b":{"0":[37,8],"1":[1,7],"2":[8,8,7,7,7,7,7,7,7,7,7,7],"3":[0,7],"4":[41,0],"5":[0,41],"6":[1,0],"7":[0,7],"8":[1,0],"9":[4,0],"10":[0,4],"11":[1,0]}}
,"C:\\Project\\TalentForge\\Backend\\src\\modules\\resume\\websocket\\resume-socket.constants.ts": {"path":"C:\\Project\\TalentForge\\Backend\\src\\modules\\resume\\websocket\\resume-socket.constants.ts","statementMap":{"0":{"start":{"line":4,"column":39},"end":{"line":4,"column":59}},"1":{"start":{"line":7,"column":36},"end":{"line":18,"column":11}},"2":{"start":{"line":22,"column":4},"end":{"line":22,"column":32}},"3":{"start":{"line":26,"column":77},"end":{"line":35,"column":2}}},"fnMap":{"0":{"name":"getResumeRoomName","decl":{"start":{"line":21,"column":16},"end":{"line":21,"column":33}},"loc":{"start":{"line":21,"column":50},"end":{"line":23,"column":1}}}},"branchMap":{},"s":{"0":4,"1":4,"2":63,"3":4},"f":{"0":63},"b":{}}
,"C:\\Project\\TalentForge\\Backend\\src\\modules\\resume\\websocket\\resume.socket.handler.ts": {"path":"C:\\Project\\TalentForge\\Backend\\src\\modules\\resume\\websocket\\resume.socket.handler.ts","statementMap":{"0":{"start":{"line":18,"column":17},"end":{"line":18,"column":49}},"1":{"start":{"line":20,"column":4},"end":{"line":27,"column":5}},"2":{"start":{"line":21,"column":8},"end":{"line":24,"column":10}},"3":{"start":{"line":25,"column":8},"end":{"line":25,"column":32}},"4":{"start":{"line":26,"column":8},"end":{"line":26,"column":15}},"5":{"start":{"line":29,"column":24},"end":{"line":29,"column":31}},"6":{"start":{"line":31,"column":4},"end":{"line":38,"column":6}},"7":{"start":{"line":41,"column":4},"end":{"line":174,"column":7}},"8":{"start":{"line":42,"column":8},"end":{"line":173,"column":9}},"9":{"start":{"line":43,"column":12},"end":{"line":51,"column":13}},"10":{"start":{"line":44,"column":63},"end":{"line":48,"column":18}},"11":{"start":{"line":49,"column":16},"end":{"line":49,"column":70}},"12":{"start":{"line":50,"column":16},"end":{"line":50,"column":23}},"13":{"start":{"line":53,"column":33},"end":{"line":53,"column":37}},"14":{"start":{"line":56,"column":34},"end":{"line":59,"column":14}},"15":{"start":{"line":60,"column":41},"end":{"line":60,"column":91}},"16":{"start":{"line":63,"column":27},"end":{"line":72,"column":14}},"17":{"start":{"line":74,"column":12},"end":{"line":95,"column":13}},"18":{"start":{"line":75,"column":16},"end":{"line":85,"column":18}},"19":{"start":{"line":87,"column":63},"end":{"line":92,"column":18}},"20":{"start":{"line":93,"column":16},"end":{"line":93,"column":70}},"21":{"start":{"line":94,"column":16},"end":{"line":94,"column":23}},"22":{"start":{"line":97,"column":12},"end":{"line":119,"column":13}},"23":{"start":{"line":98,"column":16},"end":{"line":109,"column":18}},"24":{"start":{"line":111,"column":63},"end":{"line":116,"column":18}},"25":{"start":{"line":117,"column":16},"end":{"line":117,"column":70}},"26":{"start":{"line":118,"column":16},"end":{"line":118,"column":23}},"27":{"start":{"line":122,"column":29},"end":{"line":122,"column":56}},"28":{"start":{"line":123,"column":12},"end":{"line":123,"column":40}},"29":{"start":{"line":125,"column":12},"end":{"line":136,"column":14}},"30":{"start":{"line":139,"column":71},"end":{"line":153,"column":14}},"31":{"start":{"line":155,"column":12},"end":{"line":155,"column":76}},"32":{"start":{"line":158,"column":12},"end":{"line":165,"column":14}},"33":{"start":{"line":167,"column":59},"end":{"line":171,"column":14}},"34":{"start":{"line":172,"column":12},"end":{"line":172,"column":66}},"35":{"start":{"line":177,"column":4},"end":{"line":198,"column":7}},"36":{"start":{"line":178,"column":8},"end":{"line":197,"column":9}},"37":{"start":{"line":179,"column":12},"end":{"line":191,"column":13}},"38":{"start":{"line":180,"column":33},"end":{"line":180,"column":65}},"39":{"start":{"line":181,"column":16},"end":{"line":181,"column":45}},"40":{"start":{"line":182,"column":16},"end":{"line":190,"column":18}},"41":{"start":{"line":193,"column":12},"end":{"line":196,"column":14}},"42":{"start":{"line":200,"column":4},"end":{"line":210,"column":7}},"43":{"start":{"line":201,"column":8},"end":{"line":209,"column":10}}},"fnMap":{"0":{"name":"registerResumeSocketHandlers","decl":{"start":{"line":17,"column":16},"end":{"line":17,"column":44}},"loc":{"start":{"line":17,"column":59},"end":{"line":211,"column":1}}},"1":{"name":"(anonymous_1)","decl":{"start":{"line":41,"column":46},"end":{"line":41,"column":51}},"loc":{"start":{"line":41,"column":85},"end":{"line":174,"column":5}}},"2":{"name":"(anonymous_2)","decl":{"start":{"line":177,"column":48},"end":{"line":177,"column":53}},"loc":{"start":{"line":177,"column":89},"end":{"line":198,"column":5}}},"3":{"name":"(anonymous_3)","decl":{"start":{"line":200,"column":28},"end":{"line":200,"column":29}},"loc":{"start":{"line":200,"column":39},"end":{"line":210,"column":5}}}},"branchMap":{"0":{"loc":{"start":{"line":18,"column":17},"end":{"line":18,"column":49}},"type":"binary-expr","locations":[{"start":{"line":18,"column":17},"end":{"line":18,"column":34}},{"start":{"line":18,"column":38},"end":{"line":18,"column":49}}]},"1":{"loc":{"start":{"line":20,"column":4},"end":{"line":27,"column":5}},"type":"if","locations":[{"start":{"line":20,"column":4},"end":{"line":27,"column":5}},{"start":{},"end":{}}]},"2":{"loc":{"start":{"line":20,"column":8},"end":{"line":20,"column":25}},"type":"binary-expr","locations":[{"start":{"line":20,"column":8},"end":{"line":20,"column":13}},{"start":{"line":20,"column":17},"end":{"line":20,"column":25}}]},"3":{"loc":{"start":{"line":43,"column":12},"end":{"line":51,"column":13}},"type":"if","locations":[{"start":{"line":43,"column":12},"end":{"line":51,"column":13}},{"start":{},"end":{}}]},"4":{"loc":{"start":{"line":43,"column":16},"end":{"line":43,"column":76}},"type":"binary-expr","locations":[{"start":{"line":43,"column":16},"end":{"line":43,"column":21}},{"start":{"line":43,"column":25},"end":{"line":43,"column":39}},{"start":{"line":43,"column":43},"end":{"line":43,"column":76}}]},"5":{"loc":{"start":{"line":60,"column":41},"end":{"line":60,"column":91}},"type":"cond-expr","locations":[{"start":{"line":60,"column":59},"end":{"line":60,"column":77}},{"start":{"line":60,"column":80},"end":{"line":60,"column":91}}]},"6":{"loc":{"start":{"line":74,"column":12},"end":{"line":95,"column":13}},"type":"if","locations":[{"start":{"line":74,"column":12},"end":{"line":95,"column":13}},{"start":{},"end":{}}]},"7":{"loc":{"start":{"line":97,"column":12},"end":{"line":119,"column":13}},"type":"if","locations":[{"start":{"line":97,"column":12},"end":{"line":119,"column":13}},{"start":{},"end":{}}]},"8":{"loc":{"start":{"line":97,"column":16},"end":{"line":97,"column":97}},"type":"binary-expr","locations":[{"start":{"line":97,"column":16},"end":{"line":97,"column":59}},{"start":{"line":97,"column":63},"end":{"line":97,"column":97}}]},"9":{"loc":{"start":{"line":142,"column":30},"end":{"line":148,"column":30}},"type":"cond-expr","locations":[{"start":{"line":143,"column":22},"end":{"line":143,"column":33}},{"start":{"line":144,"column":22},"end":{"line":148,"column":30}}]},"10":{"loc":{"start":{"line":144,"column":22},"end":{"line":148,"column":30}},"type":"cond-expr","locations":[{"start":{"line":145,"column":22},"end":{"line":145,"column":30}},{"start":{"line":146,"column":22},"end":{"line":148,"column":30}}]},"11":{"loc":{"start":{"line":146,"column":22},"end":{"line":148,"column":30}},"type":"cond-expr","locations":[{"start":{"line":147,"column":22},"end":{"line":147,"column":34}},{"start":{"line":148,"column":22},"end":{"line":148,"column":30}}]},"12":{"loc":{"start":{"line":179,"column":12},"end":{"line":191,"column":13}},"type":"if","locations":[{"start":{"line":179,"column":12},"end":{"line":191,"column":13}},{"start":{},"end":{}}]},"13":{"loc":{"start":{"line":179,"column":16},"end":{"line":179,"column":67}},"type":"binary-expr","locations":[{"start":{"line":179,"column":16},"end":{"line":179,"column":30}},{"start":{"line":179,"column":34},"end":{"line":179,"column":67}}]}},"s":{"0":16,"1":16,"2":0,"3":0,"4":0,"5":16,"6":16,"7":16,"8":15,"9":15,"10":1,"11":1,"12":1,"13":14,"14":14,"15":14,"16":14,"17":14,"18":1,"19":1,"20":1,"21":1,"22":13,"23":2,"24":2,"25":2,"26":2,"27":11,"28":11,"29":11,"30":11,"31":11,"32":0,"33":0,"34":0,"35":16,"36":0,"37":0,"38":0,"39":0,"40":0,"41":0,"42":16,"43":16},"f":{"0":16,"1":15,"2":0,"3":16},"b":{"0":[16,0],"1":[0,16],"2":[16,16],"3":[1,14],"4":[15,15,14],"5":[13,1],"6":[1,13],"7":[2,11],"8":[13,2],"9":[0,11],"10":[0,11],"11":[1,10],"12":[0,0],"13":[0,0]}}
,"C:\\Project\\TalentForge\\Backend\\src\\modules\\resume\\websocket\\resume.socket.ts": {"path":"C:\\Project\\TalentForge\\Backend\\src\\modules\\resume\\websocket\\resume.socket.ts","statementMap":{"0":{"start":{"line":12,"column":28},"end":{"line":12,"column":58}},"1":{"start":{"line":15,"column":4},"end":{"line":15,"column":46}},"2":{"start":{"line":18,"column":4},"end":{"line":18,"column":58}},"3":{"start":{"line":20,"column":4},"end":{"line":33,"column":7}},"4":{"start":{"line":21,"column":21},"end":{"line":21,"column":53}},"5":{"start":{"line":22,"column":8},"end":{"line":30,"column":10}},"6":{"start":{"line":32,"column":8},"end":{"line":32,"column":45}},"7":{"start":{"line":35,"column":4},"end":{"line":35,"column":97}}},"fnMap":{"0":{"name":"initializeResumeSocket","decl":{"start":{"line":11,"column":16},"end":{"line":11,"column":38}},"loc":{"start":{"line":11,"column":49},"end":{"line":36,"column":1}}},"1":{"name":"(anonymous_1)","decl":{"start":{"line":20,"column":37},"end":{"line":20,"column":38}},"loc":{"start":{"line":20,"column":48},"end":{"line":33,"column":5}}}},"branchMap":{"0":{"loc":{"start":{"line":21,"column":21},"end":{"line":21,"column":53}},"type":"binary-expr","locations":[{"start":{"line":21,"column":21},"end":{"line":21,"column":38}},{"start":{"line":21,"column":42},"end":{"line":21,"column":53}}]}},"s":{"0":3,"1":3,"2":3,"3":3,"4":16,"5":16,"6":16,"7":3},"f":{"0":3,"1":16},"b":{"0":[16,0]}}
}
