TN:
SF:src\modules\resume\constants\resume.constants.ts
FNF:0
FNH:0
DA:1,7
DA:9,7
DA:16,7
DA:25,7
LF:4
LH:4
BRF:0
BRH:0
end_of_record
TN:
SF:src\modules\resume\dto\resume-parser.dto.ts
FNF:0
FNH:0
DA:33,7
DA:44,7
DA:52,7
DA:57,7
DA:68,7
DA:80,7
DA:85,7
DA:89,7
LF:8
LH:8
BRF:0
BRH:0
end_of_record
TN:
SF:src\modules\resume\errors\document-extraction.errors.ts
FN:2,(anonymous_0)
FN:9,(anonymous_1)
FN:16,(anonymous_2)
FN:23,(anonymous_3)
FNF:4
FNH:4
FNDA:4,(anonymous_0)
FNDA:5,(anonymous_1)
FNDA:1,(anonymous_2)
FNDA:2,(anonymous_3)
DA:3,4
DA:4,4
DA:9,5
DA:10,5
DA:11,5
DA:17,1
DA:18,1
DA:24,2
DA:25,2
LF:9
LH:9
BRDA:10,0,0,2
BRDA:10,0,1,3
BRDA:16,1,0,0
BRF:3
BRH:2
end_of_record
TN:
SF:src\modules\resume\pipelines\resume-processing.pipeline.ts
FN:21,(anonymous_0)
FN:40,(anonymous_1)
FN:156,(anonymous_2)
FNF:3
FNH:3
FNDA:15,(anonymous_0)
FNDA:15,(anonymous_1)
FNDA:57,(anonymous_2)
DA:22,15
DA:23,15
DA:24,15
DA:25,15
DA:26,15
DA:45,15
DA:46,15
DA:47,15
DA:49,15
DA:52,15
DA:53,15
DA:58,14
DA:60,2
DA:69,2
DA:74,2
DA:75,2
DA:78,12
DA:86,12
DA:87,12
DA:93,6
DA:97,2
DA:100,4
DA:102,4
DA:112,4
DA:117,4
DA:122,3
DA:123,3
DA:128,10
DA:133,10
DA:136,9
DA:141,9
DA:146,7
DA:148,7
DA:161,57
DA:174,57
DA:175,47
DA:176,47
DA:179,0
LF:38
LH:37
BRDA:22,0,0,0
BRDA:23,1,0,0
BRDA:24,2,0,0
BRDA:25,3,0,0
BRDA:26,4,0,0
BRDA:49,5,0,15
BRDA:49,5,1,0
BRDA:58,6,0,2
BRDA:58,6,1,12
BRDA:93,7,0,2
BRDA:93,7,1,4
BRDA:94,8,0,6
BRDA:94,8,1,2
BRDA:95,9,0,2
BRDA:95,9,1,0
BRDA:100,10,0,4
BRDA:100,10,1,0
BRDA:171,11,0,23
BRDA:171,11,1,34
BRDA:174,12,0,47
BRDA:174,12,1,10
BRF:21
BRH:13
end_of_record
TN:
SF:src\modules\resume\queues\resume-processing.queue.ts
FN:36,getResumeProcessingQueue
FN:42,(anonymous_1)
FN:56,addResumeProcessingJob
FN:81,closeResumeProcessingQueue
FNF:4
FNH:2
FNDA:6,getResumeProcessingQueue
FNDA:0,(anonymous_1)
FNDA:2,addResumeProcessingJob
FNDA:0,closeResumeProcessingQueue
DA:16,2
DA:32,2
DA:37,6
DA:38,2
DA:42,2
DA:43,0
DA:47,6
DA:57,2
DA:58,2
DA:60,2
DA:72,2
DA:77,2
DA:82,0
DA:83,0
DA:84,0
DA:85,0
DA:86,0
LF:17
LH:11
BRDA:37,0,0,2
BRDA:37,0,1,4
BRDA:82,1,0,0
BRDA:82,1,1,0
BRF:4
BRH:2
end_of_record
TN:
SF:src\modules\resume\queues\resume-processing.types.ts
FNF:0
FNH:0
DA:1,5
LF:1
LH:1
BRF:0
BRH:0
end_of_record
TN:
SF:src\modules\resume\queues\resume-processing.worker.ts
FN:31,(anonymous_0)
FN:33,(anonymous_1)
FN:40,(anonymous_2)
FN:54,(anonymous_3)
FN:71,(anonymous_4)
FN:238,(anonymous_5)
FN:274,(anonymous_6)
FN:299,(anonymous_7)
FN:302,(anonymous_8)
FN:313,(anonymous_9)
FN:325,(anonymous_10)
FN:329,(anonymous_11)
FN:337,(anonymous_12)
FN:349,getResumeProcessingWorker
FNF:14
FNH:5
FNDA:18,(anonymous_0)
FNDA:32,(anonymous_1)
FNDA:0,(anonymous_2)
FNDA:0,(anonymous_3)
FNDA:18,(anonymous_4)
FNDA:11,(anonymous_5)
FNDA:28,(anonymous_6)
FNDA:0,(anonymous_7)
FNDA:0,(anonymous_8)
FNDA:0,(anonymous_9)
FNDA:0,(anonymous_10)
FNDA:0,(anonymous_11)
FNDA:0,(anonymous_12)
FNDA:0,getResumeProcessingWorker
DA:27,18
DA:33,32
DA:35,18
DA:36,18
DA:41,0
DA:42,0
DA:45,0
DA:47,0
DA:52,0
DA:55,0
DA:63,0
DA:65,0
DA:66,0
DA:74,18
DA:75,18
DA:76,18
DA:78,18
DA:89,18
DA:91,18
DA:99,18
DA:100,0
DA:103,18
DA:104,2
DA:108,2
DA:122,16
DA:129,15
DA:132,6
DA:139,5
DA:145,5
DA:157,5
DA:174,5
DA:176,11
DA:177,11
DA:178,11
DA:180,11
DA:196,11
DA:197,11
DA:198,6
DA:199,6
DA:200,6
DA:204,6
DA:206,0
DA:219,6
DA:225,11
DA:227,5
DA:231,6
DA:239,11
DA:240,11
DA:241,9
DA:242,9
DA:243,8
DA:244,8
DA:246,8
DA:247,2
DA:248,2
DA:249,2
DA:253,6
DA:254,6
DA:255,6
DA:263,0
DA:267,6
DA:279,28
DA:280,28
DA:288,2
DA:292,2
DA:300,0
DA:302,0
DA:303,0
DA:313,0
DA:314,0
DA:325,0
DA:326,0
DA:329,0
DA:330,0
DA:338,0
DA:339,0
DA:340,0
DA:341,0
DA:342,0
DA:347,3
DA:350,0
DA:351,0
DA:353,0
LF:83
LH:54
BRDA:32,0,0,0
BRDA:33,1,0,18
BRDA:41,2,0,0
BRDA:41,2,1,0
BRDA:75,3,0,18
BRDA:75,3,1,0
BRDA:99,4,0,0
BRDA:99,4,1,18
BRDA:103,5,0,2
BRDA:103,5,1,16
BRDA:178,6,0,11
BRDA:178,6,1,0
BRDA:189,7,0,11
BRDA:189,7,1,0
BRDA:196,8,0,11
BRDA:196,8,1,0
BRDA:197,9,0,6
BRDA:197,9,1,5
BRDA:197,10,0,11
BRDA:197,10,1,6
BRDA:225,11,0,5
BRDA:225,11,1,6
BRDA:239,12,0,0
BRDA:239,12,1,11
BRDA:240,13,0,2
BRDA:240,13,1,9
BRDA:241,14,0,0
BRDA:241,14,1,9
BRDA:242,15,0,1
BRDA:242,15,1,8
BRDA:243,16,0,0
BRDA:243,16,1,8
BRDA:244,17,0,0
BRDA:244,17,1,8
BRDA:246,18,0,2
BRDA:246,18,1,6
BRDA:248,19,0,2
BRDA:248,19,1,0
BRDA:248,20,0,2
BRDA:248,20,1,2
BRDA:253,21,0,6
BRDA:253,21,1,0
BRDA:255,22,0,0
BRDA:255,22,1,6
BRDA:256,23,0,6
BRDA:256,23,1,6
BRDA:256,23,2,6
BRDA:256,23,3,6
BRDA:256,23,4,6
BRDA:256,23,5,6
BRDA:277,24,0,0
BRDA:300,25,0,0
BRDA:300,25,1,0
BRDA:338,26,0,0
BRDA:338,26,1,0
BRDA:350,27,0,0
BRDA:350,27,1,0
BRF:57
BRH:35
end_of_record
TN:
SF:src\modules\resume\queues\resume-queue.manager.ts
FN:12,initResumeProcessingWorker
FN:23,shutdownResumeProcessing
FNF:2
FNH:0
FNDA:0,initResumeProcessingWorker
FNDA:0,shutdownResumeProcessing
DA:13,0
DA:15,0
DA:16,0
DA:17,0
DA:19,0
DA:24,0
DA:25,0
DA:26,0
DA:27,0
DA:29,0
DA:32,0
DA:33,0
DA:35,0
DA:38,0
LF:14
LH:0
BRF:0
BRH:0
end_of_record
TN:
SF:src\modules\resume\repositories\resume-persistence.repository.ts
FN:12,(anonymous_0)
FN:18,(anonymous_1)
FN:19,(anonymous_2)
FN:22,(anonymous_3)
FN:23,(anonymous_4)
FN:26,(anonymous_5)
FN:65,(anonymous_6)
FN:71,(anonymous_7)
FN:89,(anonymous_8)
FN:92,(anonymous_9)
FN:95,(anonymous_10)
FN:96,(anonymous_11)
FN:105,(anonymous_12)
FN:113,(anonymous_13)
FN:119,(anonymous_14)
FN:141,(anonymous_15)
FN:142,(anonymous_16)
FN:151,(anonymous_17)
FN:159,(anonymous_18)
FN:165,(anonymous_19)
FN:188,(anonymous_20)
FN:189,(anonymous_21)
FN:198,(anonymous_22)
FN:206,(anonymous_23)
FN:212,(anonymous_24)
FN:217,(anonymous_25)
FN:218,(anonymous_26)
FN:226,(anonymous_27)
FN:234,(anonymous_28)
FN:240,(anonymous_29)
FN:245,(anonymous_30)
FN:246,(anonymous_31)
FN:254,(anonymous_32)
FNF:33
FNH:0
FNDA:0,(anonymous_0)
FNDA:0,(anonymous_1)
FNDA:0,(anonymous_2)
FNDA:0,(anonymous_3)
FNDA:0,(anonymous_4)
FNDA:0,(anonymous_5)
FNDA:0,(anonymous_6)
FNDA:0,(anonymous_7)
FNDA:0,(anonymous_8)
FNDA:0,(anonymous_9)
FNDA:0,(anonymous_10)
FNDA:0,(anonymous_11)
FNDA:0,(anonymous_12)
FNDA:0,(anonymous_13)
FNDA:0,(anonymous_14)
FNDA:0,(anonymous_15)
FNDA:0,(anonymous_16)
FNDA:0,(anonymous_17)
FNDA:0,(anonymous_18)
FNDA:0,(anonymous_19)
FNDA:0,(anonymous_20)
FNDA:0,(anonymous_21)
FNDA:0,(anonymous_22)
FNDA:0,(anonymous_23)
FNDA:0,(anonymous_24)
FNDA:0,(anonymous_25)
FNDA:0,(anonymous_26)
FNDA:0,(anonymous_27)
FNDA:0,(anonymous_28)
FNDA:0,(anonymous_29)
FNDA:0,(anonymous_30)
FNDA:0,(anonymous_31)
FNDA:0,(anonymous_32)
DA:12,5
DA:13,0
DA:14,0
DA:15,0
DA:18,5
DA:19,0
DA:23,0
DA:31,0
DA:36,0
DA:37,0
DA:38,0
DA:39,0
DA:40,0
DA:41,0
DA:42,0
DA:43,0
DA:44,0
DA:45,0
DA:46,0
DA:47,0
DA:48,0
DA:49,0
DA:50,0
DA:52,0
DA:53,0
DA:56,0
DA:57,0
DA:58,0
DA:59,0
DA:60,0
DA:62,0
DA:70,0
DA:71,0
DA:72,0
DA:74,0
DA:75,0
DA:76,0
DA:77,0
DA:78,0
DA:88,0
DA:89,0
DA:92,0
DA:94,0
DA:95,0
DA:96,0
DA:97,0
DA:98,0
DA:99,0
DA:100,0
DA:101,0
DA:102,0
DA:104,0
DA:105,0
DA:107,0
DA:108,0
DA:110,0
DA:118,0
DA:119,0
DA:122,0
DA:124,0
DA:125,0
DA:126,0
DA:127,0
DA:128,0
DA:140,0
DA:141,0
DA:142,0
DA:143,0
DA:144,0
DA:145,0
DA:146,0
DA:147,0
DA:148,0
DA:150,0
DA:151,0
DA:153,0
DA:154,0
DA:156,0
DA:164,0
DA:165,0
DA:168,0
DA:170,0
DA:171,0
DA:172,0
DA:173,0
DA:174,0
DA:187,0
DA:188,0
DA:189,0
DA:190,0
DA:191,0
DA:192,0
DA:193,0
DA:194,0
DA:195,0
DA:197,0
DA:198,0
DA:200,0
DA:201,0
DA:203,0
DA:211,0
DA:212,0
DA:213,0
DA:214,0
DA:216,0
DA:217,0
DA:218,0
DA:219,0
DA:220,0
DA:221,0
DA:222,0
DA:223,0
DA:225,0
DA:226,0
DA:228,0
DA:229,0
DA:231,0
DA:239,0
DA:240,0
DA:241,0
DA:242,0
DA:244,0
DA:245,0
DA:246,0
DA:247,0
DA:248,0
DA:249,0
DA:250,0
DA:251,0
DA:253,0
DA:254,0
DA:256,0
DA:257,0
DA:259,0
LF:134
LH:2
BRDA:13,0,0,0
BRDA:13,0,1,0
BRDA:15,1,0,0
BRDA:15,1,1,0
BRDA:19,2,0,0
BRDA:19,2,1,0
BRDA:38,3,0,0
BRDA:38,3,1,0
BRDA:39,4,0,0
BRDA:39,4,1,0
BRDA:40,5,0,0
BRDA:40,5,1,0
BRDA:41,6,0,0
BRDA:41,6,1,0
BRDA:42,7,0,0
BRDA:42,7,1,0
BRDA:43,8,0,0
BRDA:43,8,1,0
BRDA:44,9,0,0
BRDA:44,9,1,0
BRDA:45,10,0,0
BRDA:45,10,1,0
BRDA:46,11,0,0
BRDA:46,11,1,0
BRDA:47,12,0,0
BRDA:47,12,1,0
BRDA:48,13,0,0
BRDA:48,13,1,0
BRDA:49,14,0,0
BRDA:49,14,1,0
BRDA:52,15,0,0
BRDA:52,15,1,0
BRDA:77,16,0,0
BRDA:77,16,1,0
BRDA:80,17,0,0
BRDA:80,17,1,0
BRDA:82,18,0,0
BRDA:82,18,1,0
BRDA:96,19,0,0
BRDA:96,19,1,0
BRDA:100,20,0,0
BRDA:100,20,1,0
BRDA:101,21,0,0
BRDA:101,21,1,0
BRDA:101,22,0,0
BRDA:101,22,1,0
BRDA:101,22,2,0
BRDA:101,22,3,0
BRDA:104,23,0,0
BRDA:104,23,1,0
BRDA:107,24,0,0
BRDA:107,24,1,0
BRDA:127,25,0,0
BRDA:127,25,1,0
BRDA:127,26,0,0
BRDA:127,26,1,0
BRDA:127,26,2,0
BRDA:127,26,3,0
BRDA:132,27,0,0
BRDA:132,27,1,0
BRDA:133,28,0,0
BRDA:133,28,1,0
BRDA:135,29,0,0
BRDA:135,29,1,0
BRDA:146,30,0,0
BRDA:146,30,1,0
BRDA:147,31,0,0
BRDA:147,31,1,0
BRDA:147,31,2,0
BRDA:147,31,3,0
BRDA:147,31,4,0
BRDA:147,31,5,0
BRDA:147,31,6,0
BRDA:147,31,7,0
BRDA:147,32,0,0
BRDA:147,32,1,0
BRDA:147,33,0,0
BRDA:147,33,1,0
BRDA:148,34,0,0
BRDA:148,34,1,0
BRDA:150,35,0,0
BRDA:150,35,1,0
BRDA:153,36,0,0
BRDA:153,36,1,0
BRDA:173,37,0,0
BRDA:173,37,1,0
BRDA:173,38,0,0
BRDA:173,38,1,0
BRDA:173,38,2,0
BRDA:173,38,3,0
BRDA:180,39,0,0
BRDA:180,39,1,0
BRDA:182,40,0,0
BRDA:182,40,1,0
BRDA:183,41,0,0
BRDA:183,41,1,0
BRDA:193,42,0,0
BRDA:193,42,1,0
BRDA:194,43,0,0
BRDA:194,43,1,0
BRDA:194,43,2,0
BRDA:194,43,3,0
BRDA:194,43,4,0
BRDA:194,43,5,0
BRDA:194,43,6,0
BRDA:194,43,7,0
BRDA:194,43,8,0
BRDA:194,44,0,0
BRDA:194,44,1,0
BRDA:194,45,0,0
BRDA:194,45,1,0
BRDA:195,46,0,0
BRDA:195,46,1,0
BRDA:197,47,0,0
BRDA:197,47,1,0
BRDA:200,48,0,0
BRDA:200,48,1,0
BRDA:222,49,0,0
BRDA:222,49,1,0
BRDA:222,50,0,0
BRDA:222,50,1,0
BRDA:222,50,2,0
BRDA:225,51,0,0
BRDA:225,51,1,0
BRDA:228,52,0,0
BRDA:228,52,1,0
BRDA:250,53,0,0
BRDA:250,53,1,0
BRDA:250,54,0,0
BRDA:250,54,1,0
BRDA:253,55,0,0
BRDA:253,55,1,0
BRDA:256,56,0,0
BRDA:256,56,1,0
BRF:134
BRH:0
end_of_record
TN:
SF:src\modules\resume\services\document-extractor.service.ts
FN:16,(anonymous_0)
FN:44,(anonymous_1)
FN:100,(anonymous_2)
FNF:3
FNH:3
FNDA:3,(anonymous_0)
FNDA:5,(anonymous_1)
FNDA:5,(anonymous_2)
DA:20,3
DA:21,0
DA:23,3
DA:24,0
DA:26,3
DA:27,0
DA:30,3
DA:32,3
DA:34,1
DA:37,1
DA:40,1
DA:47,5
DA:48,1
DA:51,4
DA:53,4
DA:60,4
DA:63,4
DA:64,4
DA:65,4
DA:66,3
DA:67,3
DA:69,1
DA:70,1
DA:72,4
DA:73,4
DA:74,4
DA:81,3
DA:82,3
DA:84,3
DA:85,1
DA:86,1
DA:88,0
DA:91,2
DA:93,2
DA:103,5
DA:104,1
DA:107,4
DA:110,4
DA:111,4
DA:113,1
DA:114,1
DA:117,3
DA:118,3
DA:120,3
DA:121,1
DA:124,2
DA:126,2
LF:47
LH:43
BRDA:20,0,0,0
BRDA:20,0,1,3
BRDA:23,1,0,0
BRDA:23,1,1,3
BRDA:26,2,0,0
BRDA:26,2,1,3
BRDA:26,3,0,3
BRDA:26,3,1,3
BRDA:32,4,0,1
BRDA:32,4,1,1
BRDA:32,4,2,1
BRDA:47,5,0,1
BRDA:47,5,1,4
BRDA:47,6,0,5
BRDA:47,6,1,5
BRDA:66,7,0,3
BRDA:66,7,1,0
BRDA:67,8,0,3
BRDA:67,8,1,0
BRDA:67,8,2,0
BRDA:69,9,0,1
BRDA:69,9,1,0
BRDA:72,10,0,4
BRDA:72,10,1,0
BRDA:84,11,0,1
BRDA:84,11,1,2
BRDA:84,12,0,3
BRDA:84,12,1,2
BRDA:85,13,0,1
BRDA:85,13,1,0
BRDA:85,14,0,1
BRDA:85,14,1,1
BRDA:91,15,0,2
BRDA:91,15,1,0
BRDA:96,16,0,2
BRDA:96,16,1,2
BRDA:103,17,0,1
BRDA:103,17,1,4
BRDA:103,18,0,5
BRDA:103,18,1,5
BRDA:113,19,0,1
BRDA:113,19,1,0
BRDA:120,20,0,1
BRDA:120,20,1,2
BRDA:120,21,0,3
BRDA:120,21,1,2
BRF:46
BRH:35
end_of_record
TN:
SF:src\modules\resume\services\resume-normalization.service.ts
FN:27,(anonymous_0)
FN:57,(anonymous_1)
FN:70,(anonymous_2)
FN:81,(anonymous_3)
FN:88,(anonymous_4)
FN:100,(anonymous_5)
FN:107,(anonymous_6)
FN:123,(anonymous_7)
FN:150,(anonymous_8)
FNF:9
FNH:9
FNDA:10,(anonymous_0)
FNDA:10,(anonymous_1)
FNDA:10,(anonymous_2)
FNDA:10,(anonymous_3)
FNDA:10,(anonymous_4)
FNDA:10,(anonymous_5)
FNDA:10,(anonymous_6)
FNDA:10,(anonymous_7)
FNDA:10,(anonymous_8)
DA:25,1
DA:28,10
DA:29,0
DA:32,10
DA:34,10
DA:35,10
DA:36,10
DA:37,10
DA:38,10
DA:39,10
DA:40,10
DA:42,10
DA:46,10
DA:58,10
DA:71,10
DA:72,10
DA:82,10
DA:83,0
DA:86,10
DA:88,10
DA:101,10
DA:102,0
DA:105,10
DA:108,10
DA:109,10
DA:124,10
DA:125,0
DA:128,10
DA:130,10
DA:131,19
DA:133,19
DA:134,19
DA:136,19
DA:137,19
DA:139,19
DA:140,10
DA:147,10
DA:151,10
DA:152,0
DA:155,10
DA:157,10
DA:158,19
DA:160,19
DA:161,19
DA:163,19
DA:165,19
DA:166,10
DA:172,10
LF:48
LH:43
BRDA:28,0,0,0
BRDA:28,0,1,10
BRDA:43,1,0,10
BRDA:43,1,1,0
BRDA:43,2,0,10
BRDA:43,2,1,0
BRDA:43,3,0,10
BRDA:43,3,1,0
BRDA:77,4,0,10
BRDA:77,4,1,0
BRDA:77,5,0,10
BRDA:77,5,1,10
BRDA:77,5,2,10
BRDA:82,6,0,0
BRDA:82,6,1,10
BRDA:82,7,0,10
BRDA:82,7,1,10
BRDA:89,8,0,10
BRDA:89,8,1,0
BRDA:90,9,0,10
BRDA:90,9,1,0
BRDA:101,10,0,0
BRDA:101,10,1,10
BRDA:101,11,0,10
BRDA:101,11,1,10
BRDA:110,12,0,10
BRDA:110,12,1,0
BRDA:111,13,0,10
BRDA:111,13,1,0
BRDA:112,14,0,10
BRDA:112,14,1,0
BRDA:116,15,0,10
BRDA:116,15,1,0
BRDA:118,16,0,10
BRDA:118,16,1,0
BRDA:118,17,0,10
BRDA:118,17,1,10
BRDA:118,17,2,10
BRDA:124,18,0,0
BRDA:124,18,1,10
BRDA:124,19,0,10
BRDA:124,19,1,10
BRDA:131,20,0,0
BRDA:131,20,1,19
BRDA:131,21,0,19
BRDA:131,21,1,19
BRDA:134,22,0,0
BRDA:134,22,1,19
BRDA:139,23,0,10
BRDA:139,23,1,9
BRDA:151,24,0,0
BRDA:151,24,1,10
BRDA:151,25,0,10
BRDA:151,25,1,10
BRDA:158,26,0,0
BRDA:158,26,1,19
BRDA:158,27,0,19
BRDA:158,27,1,19
BRDA:161,28,0,0
BRDA:161,28,1,19
BRDA:165,29,0,10
BRDA:165,29,1,9
BRF:62
BRH:42
end_of_record
TN:
SF:src\modules\resume\services\resume-parser.service.ts
FN:13,(anonymous_0)
FN:31,(anonymous_1)
FN:64,(anonymous_2)
FN:103,(anonymous_3)
FN:127,(anonymous_4)
FN:135,(anonymous_5)
FNF:6
FNH:6
FNDA:11,(anonymous_0)
FNDA:8,(anonymous_1)
FNDA:7,(anonymous_2)
FNDA:10,(anonymous_3)
FNDA:9,(anonymous_4)
FNDA:10,(anonymous_5)
DA:11,2
DA:16,11
DA:17,2
DA:20,9
DA:22,9
DA:28,8
DA:35,8
DA:36,1
DA:38,7
DA:39,0
DA:42,7
DA:44,7
DA:45,7
DA:46,1
DA:51,6
DA:53,6
DA:61,2
DA:68,7
DA:69,0
DA:71,7
DA:72,0
DA:75,7
DA:78,7
DA:79,2
DA:80,2
DA:81,2
DA:85,5
DA:86,5
DA:89,4
DA:90,2
DA:93,2
DA:98,2
DA:99,1
DA:106,10
DA:107,0
DA:110,10
DA:113,10
DA:114,10
DA:116,1
DA:120,1
DA:123,9
DA:125,9
DA:126,1
DA:127,9
DA:129,1
DA:132,8
DA:136,10
DA:138,10
DA:140,10
DA:141,1
DA:144,9
DA:145,9
DA:147,9
DA:148,8
DA:151,1
LF:55
LH:51
BRDA:16,0,0,2
BRDA:16,0,1,9
BRDA:16,1,0,11
BRDA:16,1,1,10
BRDA:35,2,0,1
BRDA:35,2,1,7
BRDA:35,3,0,8
BRDA:35,3,1,8
BRDA:38,4,0,0
BRDA:38,4,1,7
BRDA:38,5,0,7
BRDA:38,5,1,7
BRDA:45,6,0,1
BRDA:45,6,1,6
BRDA:68,7,0,0
BRDA:68,7,1,7
BRDA:68,8,0,7
BRDA:68,8,1,7
BRDA:71,9,0,0
BRDA:71,9,1,7
BRDA:71,10,0,7
BRDA:71,10,1,7
BRDA:78,11,0,2
BRDA:78,11,1,5
BRDA:89,12,0,2
BRDA:89,12,1,2
BRDA:89,13,0,4
BRDA:89,13,1,4
BRDA:89,14,0,4
BRDA:89,14,1,0
BRDA:94,15,0,2
BRDA:94,15,1,0
BRDA:106,16,0,0
BRDA:106,16,1,10
BRDA:106,17,0,10
BRDA:106,17,1,10
BRDA:116,18,0,1
BRDA:116,18,1,0
BRDA:125,19,0,1
BRDA:125,19,1,8
BRDA:140,20,0,1
BRDA:140,20,1,9
BRDA:140,21,0,10
BRDA:140,21,1,1
BRDA:147,22,0,8
BRDA:147,22,1,1
BRDA:147,23,0,9
BRDA:147,23,1,8
BRDA:147,23,2,8
BRF:49
BRH:42
end_of_record
TN:
SF:src\modules\resume\services\resume-persistence.service.ts
FN:15,(anonymous_0)
FN:19,(anonymous_1)
FNF:2
FNH:2
FNDA:4,(anonymous_0)
FNDA:5,(anonymous_1)
DA:16,4
DA:20,5
DA:21,4
DA:22,4
DA:23,4
DA:24,1
DA:32,1
DA:34,3
DA:35,3
DA:36,2
DA:37,0
DA:39,2
LF:12
LH:11
BRDA:16,0,0,0
BRDA:20,1,0,1
BRDA:20,1,1,4
BRDA:35,2,0,1
BRDA:35,2,1,2
BRDA:36,3,0,0
BRDA:36,3,1,2
BRDA:36,4,0,2
BRDA:36,4,1,0
BRF:9
BRH:6
end_of_record
TN:
SF:src\modules\resume\utils\document-extraction.utils.ts
FN:1,cleanExtractedText
FN:15,(anonymous_1)
FN:21,calculateWordCount
FNF:3
FNH:3
FNDA:7,cleanExtractedText
FNDA:19,(anonymous_1)
FNDA:8,calculateWordCount
DA:2,7
DA:3,0
DA:6,7
DA:15,19
DA:22,8
DA:23,3
DA:25,5
LF:7
LH:6
BRDA:2,0,0,0
BRDA:2,0,1,7
BRDA:2,1,0,7
BRDA:2,1,1,7
BRDA:22,2,0,3
BRDA:22,2,1,5
BRDA:22,3,0,8
BRDA:22,3,1,6
BRF:8
BRH:7
end_of_record
TN:
SF:src\modules\resume\utils\file-retrieval.helper.ts
FN:10,fetchFileBufferFromUrl
FN:19,(anonymous_1)
FNF:2
FNH:1
FNDA:5,fetchFileBufferFromUrl
FNDA:0,(anonymous_1)
DA:14,5
DA:15,2
DA:18,3
DA:19,3
DA:21,3
DA:22,3
DA:24,3
DA:28,3
DA:29,1
DA:32,2
DA:33,2
DA:35,2
DA:36,1
DA:39,1
DA:40,1
DA:42,2
DA:43,0
DA:45,2
DA:47,3
LF:19
LH:18
BRDA:12,0,0,5
BRDA:14,1,0,2
BRDA:14,1,1,3
BRDA:14,2,0,5
BRDA:14,2,1,4
BRDA:14,2,2,4
BRDA:28,3,0,1
BRDA:28,3,1,2
BRDA:35,4,0,1
BRDA:35,4,1,1
BRDA:42,5,0,0
BRDA:42,5,1,2
BRDA:42,6,0,2
BRDA:42,6,1,2
BRF:14
BRH:13
end_of_record
TN:
SF:src\modules\resume\utils\resume-normalization.utils.ts
FN:7,normalizeSkillLookupKey
FN:74,normalizeString
FN:83,normalizeLookupKey
FN:97,normalizeText
FN:105,(anonymous_4)
FN:114,normalizeEmail
FN:123,normalizePhone
FN:132,normalizeUrl
FN:140,normalizeSkillName
FN:157,normalizeDateString
FN:179,normalizeEmploymentType
FNF:11
FNH:11
FNDA:183,normalizeSkillLookupKey
FNDA:351,normalizeString
FNDA:59,normalizeLookupKey
FNDA:40,normalizeText
FNDA:82,(anonymous_4)
FNDA:12,normalizeEmail
FNDA:12,normalizePhone
FNDA:42,normalizeUrl
FNDA:78,normalizeSkillName
FNDA:46,normalizeDateString
FNDA:16,normalizeEmploymentType
DA:8,183
DA:9,183
DA:18,6
DA:75,351
DA:76,320
DA:77,320
DA:84,59
DA:85,59
DA:98,40
DA:99,40
DA:105,82
DA:108,40
DA:115,12
DA:116,12
DA:117,11
DA:124,12
DA:125,12
DA:126,12
DA:133,42
DA:141,78
DA:142,78
DA:144,70
DA:145,70
DA:146,50
DA:149,20
DA:158,46
DA:159,46
DA:161,46
DA:162,46
DA:163,13
DA:167,33
DA:168,33
DA:169,12
DA:170,12
DA:173,21
DA:180,16
DA:182,16
DA:183,11
DA:186,5
DA:188,5
DA:191,2
DA:194,0
DA:197,1
DA:200,1
DA:203,0
DA:206,0
DA:209,0
DA:211,1
LF:48
LH:44
BRDA:8,0,0,0
BRDA:8,0,1,183
BRDA:75,1,0,31
BRDA:75,1,1,320
BRDA:75,2,0,351
BRDA:75,2,1,320
BRDA:77,3,0,310
BRDA:77,3,1,10
BRDA:84,4,0,0
BRDA:84,4,1,59
BRDA:98,5,0,0
BRDA:98,5,1,40
BRDA:98,6,0,40
BRDA:98,6,1,40
BRDA:108,7,0,40
BRDA:108,7,1,0
BRDA:116,8,0,1
BRDA:116,8,1,11
BRDA:125,9,0,0
BRDA:125,9,1,12
BRDA:142,10,0,8
BRDA:142,10,1,70
BRDA:145,11,0,50
BRDA:145,11,1,20
BRDA:159,12,0,0
BRDA:159,12,1,46
BRDA:162,13,0,13
BRDA:162,13,1,33
BRDA:168,14,0,12
BRDA:168,14,1,21
BRDA:168,15,0,33
BRDA:168,15,1,12
BRDA:168,15,2,12
BRDA:180,16,0,0
BRDA:180,16,1,16
BRDA:182,17,0,11
BRDA:182,17,1,5
BRDA:188,18,0,2
BRDA:188,18,1,2
BRDA:188,18,2,0
BRDA:188,18,3,0
BRDA:188,18,4,0
BRDA:188,18,5,1
BRDA:188,18,6,0
BRDA:188,18,7,1
BRDA:188,18,8,0
BRDA:188,18,9,0
BRDA:188,18,10,0
BRDA:188,18,11,0
BRDA:188,18,12,0
BRDA:188,18,13,0
BRDA:188,18,14,1
BRF:52
BRH:35
end_of_record
TN:
SF:src\modules\resume\utils\resume-parser.prompt.ts
FNF:0
FNH:0
DA:1,6
LF:1
LH:1
BRF:0
BRH:0
end_of_record
TN:
SF:src\modules\resume\websocket\resume-progress.publisher.ts
FN:19,sanitizeReason
FN:55,(anonymous_1)
FN:60,(anonymous_2)
FN:68,(anonymous_3)
FN:131,(anonymous_4)
FN:183,(anonymous_5)
FNF:6
FNH:6
FNDA:45,sanitizeReason
FNDA:5,(anonymous_1)
FNDA:1,(anonymous_2)
FNDA:41,(anonymous_3)
FNDA:7,(anonymous_4)
FNDA:4,(anonymous_5)
DA:20,45
DA:22,8
DA:23,8
DA:37,1
DA:40,7
DA:41,0
DA:44,7
DA:52,4
DA:56,5
DA:61,1
DA:72,41
DA:73,41
DA:74,41
DA:75,41
DA:76,41
DA:77,41
DA:79,41
DA:93,41
DA:94,0
DA:98,0
DA:101,41
DA:112,41
DA:114,1
DA:132,7
DA:133,7
DA:134,7
DA:135,7
DA:137,7
DA:148,7
DA:149,0
DA:153,0
DA:156,7
DA:165,7
DA:167,1
DA:187,4
DA:188,4
DA:189,4
DA:190,4
DA:191,4
DA:193,4
DA:205,4
DA:206,0
DA:209,4
DA:219,4
DA:221,1
LF:45
LH:39
BRDA:20,0,0,37
BRDA:20,0,1,8
BRDA:23,1,0,1
BRDA:23,1,1,7
BRDA:24,2,0,8
BRDA:24,2,1,8
BRDA:24,2,2,7
BRDA:24,2,3,7
BRDA:24,2,4,7
BRDA:24,2,5,7
BRDA:24,2,6,7
BRDA:24,2,7,7
BRDA:24,2,8,7
BRDA:24,2,9,7
BRDA:24,2,10,7
BRDA:24,2,11,7
BRDA:40,3,0,0
BRDA:40,3,1,7
BRDA:76,4,0,41
BRDA:76,4,1,0
BRDA:93,5,0,0
BRDA:93,5,1,41
BRDA:116,6,0,1
BRDA:116,6,1,0
BRDA:148,7,0,0
BRDA:148,7,1,7
BRDA:169,8,0,1
BRDA:169,8,1,0
BRDA:190,9,0,4
BRDA:190,9,1,0
BRDA:205,10,0,0
BRDA:205,10,1,4
BRDA:223,11,0,1
BRDA:223,11,1,0
BRF:34
BRH:25
end_of_record
TN:
SF:src\modules\resume\websocket\resume-socket.constants.ts
FN:21,getResumeRoomName
FNF:1
FNH:1
FNDA:63,getResumeRoomName
DA:4,4
DA:7,4
DA:22,63
DA:26,4
LF:4
LH:4
BRF:0
BRH:0
end_of_record
TN:
SF:src\modules\resume\websocket\resume.socket.handler.ts
FN:17,registerResumeSocketHandlers
FN:41,(anonymous_1)
FN:177,(anonymous_2)
FN:200,(anonymous_3)
FNF:4
FNH:3
FNDA:16,registerResumeSocketHandlers
FNDA:15,(anonymous_1)
FNDA:0,(anonymous_2)
FNDA:16,(anonymous_3)
DA:18,16
DA:20,16
DA:21,0
DA:25,0
DA:26,0
DA:29,16
DA:31,16
DA:41,16
DA:42,15
DA:43,15
DA:44,1
DA:49,1
DA:50,1
DA:53,14
DA:56,14
DA:60,14
DA:63,14
DA:74,14
DA:75,1
DA:87,1
DA:93,1
DA:94,1
DA:97,13
DA:98,2
DA:111,2
DA:117,2
DA:118,2
DA:122,11
DA:123,11
DA:125,11
DA:139,11
DA:155,11
DA:158,0
DA:167,0
DA:172,0
DA:177,16
DA:178,0
DA:179,0
DA:180,0
DA:181,0
DA:182,0
DA:193,0
DA:200,16
DA:201,16
LF:44
LH:32
BRDA:18,0,0,16
BRDA:18,0,1,0
BRDA:20,1,0,0
BRDA:20,1,1,16
BRDA:20,2,0,16
BRDA:20,2,1,16
BRDA:43,3,0,1
BRDA:43,3,1,14
BRDA:43,4,0,15
BRDA:43,4,1,15
BRDA:43,4,2,14
BRDA:60,5,0,13
BRDA:60,5,1,1
BRDA:74,6,0,1
BRDA:74,6,1,13
BRDA:97,7,0,2
BRDA:97,7,1,11
BRDA:97,8,0,13
BRDA:97,8,1,2
BRDA:142,9,0,0
BRDA:142,9,1,11
BRDA:144,10,0,0
BRDA:144,10,1,11
BRDA:146,11,0,1
BRDA:146,11,1,10
BRDA:179,12,0,0
BRDA:179,12,1,0
BRDA:179,13,0,0
BRDA:179,13,1,0
BRF:29
BRH:21
end_of_record
TN:
SF:src\modules\resume\websocket\resume.socket.ts
FN:11,initializeResumeSocket
FN:20,(anonymous_1)
FNF:2
FNH:2
FNDA:3,initializeResumeSocket
FNDA:16,(anonymous_1)
DA:12,3
DA:15,3
DA:18,3
DA:20,3
DA:21,16
DA:22,16
DA:32,16
DA:35,3
LF:8
LH:8
BRDA:21,0,0,16
BRDA:21,0,1,0
BRF:2
BRH:1
end_of_record
